<?xml version="1.0" encoding="UTF-8" standalone="no"?>
<!DOCTYPE log SYSTEM "logger.dtd">
<log>
<record>
  <date>2019-06-28T12:43:52</date>
  <millis>1561706032209</millis>
  <sequence>0</sequence>
  <level>START</level>
  <class>com.kms.katalon.core.logging.XmlKeywordLogger</class>
  <method>startSuite</method>
  <thread>1</thread>
  <message>Start Test Suite : Test Suites/ROC_Activity_Hdb_1979</message>
  <nestedLevel>0</nestedLevel>
  <property name="name">ROC_Activity_Hdb_1979</property>
  <property name="description"></property>
  <property name="id">Test Suites/ROC_Activity_Hdb_1979</property>
</record>
<record>
  <date>2019-06-28T12:43:52</date>
  <millis>1561706032232</millis>
  <sequence>1</sequence>
  <level>RUN_DATA</level>
  <class>com.kms.katalon.core.logging.XmlKeywordLogger</class>
  <method>logMessage</method>
  <thread>1</thread>
  <message>hostName = khaja.h - LP-5CD7465GP0.HCLT.CORP.HCL.IN</message>
  <nestedLevel>0</nestedLevel>
  <property name="hostName">khaja.h - LP-5CD7465GP0.HCLT.CORP.HCL.IN</property>
</record>
<record>
  <date>2019-06-28T12:43:52</date>
  <millis>1561706032233</millis>
  <sequence>2</sequence>
  <level>RUN_DATA</level>
  <class>com.kms.katalon.core.logging.XmlKeywordLogger</class>
  <method>logMessage</method>
  <thread>1</thread>
  <message>os = Windows 10 64bit</message>
  <nestedLevel>0</nestedLevel>
  <property name="os">Windows 10 64bit</property>
</record>
<record>
  <date>2019-06-28T12:43:52</date>
  <millis>1561706032235</millis>
  <sequence>3</sequence>
  <level>RUN_DATA</level>
  <class>com.kms.katalon.core.logging.XmlKeywordLogger</class>
  <method>logMessage</method>
  <thread>1</thread>
  <message>hostAddress = 172.23.0.1</message>
  <nestedLevel>0</nestedLevel>
  <property name="hostAddress">172.23.0.1</property>
</record>
<record>
  <date>2019-06-28T12:43:52</date>
  <millis>1561706032239</millis>
  <sequence>4</sequence>
  <level>RUN_DATA</level>
  <class>com.kms.katalon.core.logging.XmlKeywordLogger</class>
  <method>logMessage</method>
  <thread>1</thread>
  <message>katalonVersion = 5.10.1.1</message>
  <nestedLevel>0</nestedLevel>
  <property name="katalonVersion">5.10.1.1</property>
</record>
<record>
  <date>2019-06-28T12:43:52</date>
  <millis>1561706032655</millis>
  <sequence>5</sequence>
  <level>START</level>
  <class>com.kms.katalon.core.logging.XmlKeywordLogger</class>
  <method>startTest</method>
  <thread>1</thread>
  <message>Start Test Case : Test Cases/ROC_Activity_Hdb_1979/Roc_hogan_connector_activity_Hdb_1979</message>
  <nestedLevel>1</nestedLevel>
  <property name="name">Test Cases/ROC_Activity_Hdb_1979/Roc_hogan_connector_activity_Hdb_1979</property>
  <property name="description"></property>
  <property name="id">Test Cases/ROC_Activity_Hdb_1979/Roc_hogan_connector_activity_Hdb_1979</property>
  <property name="source">C:\\Users\\khaja.h\\Katalon Studio\\ADDI_Connect\\Test Cases\\ROC_Activity_Hdb_1979\\Roc_hogan_connector_activity_Hdb_1979.tc</property>
  <property name="isOptional">false</property>
</record>
<record>
  <date>2019-06-28T12:43:53</date>
  <millis>1561706033374</millis>
  <sequence>7</sequence>
  <level>START</level>
  <class>com.kms.katalon.core.logging.XmlKeywordLogger</class>
  <method>startKeyword</method>
  <thread>1</thread>
  <message>Start action : response = sendRequest(findTestObject(\&amp;quot;ROC_Activity_Hdb_1979/Roc_hogan_connector_activity_Hdb_1979\&amp;quot;))</message>
  <nestedLevel>1</nestedLevel>
  <property name="startLine">16</property>
  <property name="stepIndex">1</property>
</record>
<record>
  <date>2019-06-28T12:43:56</date>
  <millis>1561706036774</millis>
  <sequence>11</sequence>
  <level>INFO</level>
  <class>com.kms.katalon.core.logging.XmlKeywordLogger</class>
  <method>logMessage</method>
  <thread>1</thread>
  <message>HAR: C:\\Users\\khaja.h\\Katalon Studio\\ADDI_Connect\\Reports\\ROC_Activity_Hdb_1979\\20190628_124256\\requests\\main\\0.har</message>
  <nestedLevel>1</nestedLevel>
  <property name="harId">37b0663d-c436-4f84-9f28-0006cc8623e2</property>
</record>
<record>
  <date>2019-06-28T12:43:56</date>
  <millis>1561706036950</millis>
  <sequence>12</sequence>
  <level>PASSED</level>
  <class>com.kms.katalon.core.logging.XmlKeywordLogger</class>
  <method>logMessage</method>
  <thread>1</thread>
  <message>Send request successfully</message>
  <nestedLevel>1</nestedLevel>
</record>
<record>
  <date>2019-06-28T12:43:56</date>
  <millis>1561706036952</millis>
  <sequence>13</sequence>
  <level>END</level>
  <class>com.kms.katalon.core.logging.XmlKeywordLogger</class>
  <method>endKeyword</method>
  <thread>1</thread>
  <message>End action : response = sendRequest(findTestObject(\&amp;quot;ROC_Activity_Hdb_1979/Roc_hogan_connector_activity_Hdb_1979\&amp;quot;))</message>
  <nestedLevel>1</nestedLevel>
</record>
<record>
  <date>2019-06-28T12:43:56</date>
  <millis>1561706036953</millis>
  <sequence>14</sequence>
  <level>START</level>
  <class>com.kms.katalon.core.logging.XmlKeywordLogger</class>
  <method>startKeyword</method>
  <thread>1</thread>
  <message>Start action : verifyResponseStatusCode(response, 200)</message>
  <nestedLevel>1</nestedLevel>
  <property name="startLine">18</property>
  <property name="stepIndex">2</property>
</record>
<record>
  <date>2019-06-28T12:43:56</date>
  <millis>1561706036973</millis>
  <sequence>16</sequence>
  <level>PASSED</level>
  <class>com.kms.katalon.core.logging.XmlKeywordLogger</class>
  <method>logMessage</method>
  <thread>1</thread>
  <message>Verify response status code successfully</message>
  <nestedLevel>1</nestedLevel>
</record>
<record>
  <date>2019-06-28T12:43:56</date>
  <millis>1561706036975</millis>
  <sequence>17</sequence>
  <level>END</level>
  <class>com.kms.katalon.core.logging.XmlKeywordLogger</class>
  <method>endKeyword</method>
  <thread>1</thread>
  <message>End action : verifyResponseStatusCode(response, 200)</message>
  <nestedLevel>1</nestedLevel>
</record>
<record>
  <date>2019-06-28T12:43:56</date>
  <millis>1561706036976</millis>
  <sequence>18</sequence>
  <level>START</level>
  <class>com.kms.katalon.core.logging.XmlKeywordLogger</class>
  <method>startKeyword</method>
  <thread>1</thread>
  <message>Start action : verifyElementPropertyValue(response, \&amp;quot;results[0].resolutions[0].action\&amp;quot;, \&amp;quot;FileWrite\&amp;quot;)</message>
  <nestedLevel>1</nestedLevel>
  <property name="startLine">20</property>
  <property name="stepIndex">3</property>
</record>
<record>
  <date>2019-06-28T12:43:57</date>
  <millis>1561706037059</millis>
  <sequence>20</sequence>
  <level>PASSED</level>
  <class>com.kms.katalon.core.logging.XmlKeywordLogger</class>
  <method>logMessage</method>
  <thread>1</thread>
  <message>Verify element property value successfully</message>
  <nestedLevel>1</nestedLevel>
</record>
<record>
  <date>2019-06-28T12:43:57</date>
  <millis>1561706037060</millis>
  <sequence>21</sequence>
  <level>END</level>
  <class>com.kms.katalon.core.logging.XmlKeywordLogger</class>
  <method>endKeyword</method>
  <thread>1</thread>
  <message>End action : verifyElementPropertyValue(response, \&amp;quot;results[0].resolutions[0].action\&amp;quot;, \&amp;quot;FileWrite\&amp;quot;)</message>
  <nestedLevel>1</nestedLevel>
</record>
<record>
  <date>2019-06-28T12:43:57</date>
  <millis>1561706037064</millis>
  <sequence>22</sequence>
  <level>START</level>
  <class>com.kms.katalon.core.logging.XmlKeywordLogger</class>
  <method>startKeyword</method>
  <thread>1</thread>
  <message>Start action : verifyElementPropertyValue(response, \&amp;quot;results[0].resolutions[0].resources[0].annKeyword\&amp;quot;, \&amp;quot;ActivityID\&amp;quot;)</message>
  <nestedLevel>1</nestedLevel>
  <property name="startLine">22</property>
  <property name="stepIndex">4</property>
</record>
<record>
  <date>2019-06-28T12:43:57</date>
  <millis>1561706037098</millis>
  <sequence>24</sequence>
  <level>PASSED</level>
  <class>com.kms.katalon.core.logging.XmlKeywordLogger</class>
  <method>logMessage</method>
  <thread>1</thread>
  <message>Verify element property value successfully</message>
  <nestedLevel>1</nestedLevel>
</record>
<record>
  <date>2019-06-28T12:43:57</date>
  <millis>1561706037101</millis>
  <sequence>25</sequence>
  <level>END</level>
  <class>com.kms.katalon.core.logging.XmlKeywordLogger</class>
  <method>endKeyword</method>
  <thread>1</thread>
  <message>End action : verifyElementPropertyValue(response, \&amp;quot;results[0].resolutions[0].resources[0].annKeyword\&amp;quot;, \&amp;quot;ActivityID\&amp;quot;)</message>
  <nestedLevel>1</nestedLevel>
</record>
<record>
  <date>2019-06-28T12:43:57</date>
  <millis>1561706037102</millis>
  <sequence>26</sequence>
  <level>START</level>
  <class>com.kms.katalon.core.logging.XmlKeywordLogger</class>
  <method>startKeyword</method>
  <thread>1</thread>
  <message>Start action : verifyElementPropertyValue(response, \&amp;quot;results[0].resolutions[0].resources[0].read\&amp;quot;, \&amp;quot;true\&amp;quot;)</message>
  <nestedLevel>1</nestedLevel>
  <property name="startLine">24</property>
  <property name="stepIndex">5</property>
</record>
<record>
  <date>2019-06-28T12:43:57</date>
  <millis>1561706037156</millis>
  <sequence>28</sequence>
  <level>PASSED</level>
  <class>com.kms.katalon.core.logging.XmlKeywordLogger</class>
  <method>logMessage</method>
  <thread>1</thread>
  <message>Verify element property value successfully</message>
  <nestedLevel>1</nestedLevel>
</record>
<record>
  <date>2019-06-28T12:43:57</date>
  <millis>1561706037158</millis>
  <sequence>29</sequence>
  <level>END</level>
  <class>com.kms.katalon.core.logging.XmlKeywordLogger</class>
  <method>endKeyword</method>
  <thread>1</thread>
  <message>End action : verifyElementPropertyValue(response, \&amp;quot;results[0].resolutions[0].resources[0].read\&amp;quot;, \&amp;quot;true\&amp;quot;)</message>
  <nestedLevel>1</nestedLevel>
</record>
<record>
  <date>2019-06-28T12:43:57</date>
  <millis>1561706037158</millis>
  <sequence>30</sequence>
  <level>START</level>
  <class>com.kms.katalon.core.logging.XmlKeywordLogger</class>
  <method>startKeyword</method>
  <thread>1</thread>
  <message>Start action : verifyElementPropertyValue(response, \&amp;quot;results[0].resolutions[0].resources[0].annText\&amp;quot;, \&amp;quot;1979 NAF SEQ READ FOR UPD\&amp;quot;)</message>
  <nestedLevel>1</nestedLevel>
  <property name="startLine">26</property>
  <property name="stepIndex">6</property>
</record>
<record>
  <date>2019-06-28T12:43:57</date>
  <millis>1561706037194</millis>
  <sequence>32</sequence>
  <level>PASSED</level>
  <class>com.kms.katalon.core.logging.XmlKeywordLogger</class>
  <method>logMessage</method>
  <thread>1</thread>
  <message>Verify element property value successfully</message>
  <nestedLevel>1</nestedLevel>
</record>
<record>
  <date>2019-06-28T12:43:57</date>
  <millis>1561706037196</millis>
  <sequence>33</sequence>
  <level>END</level>
  <class>com.kms.katalon.core.logging.XmlKeywordLogger</class>
  <method>endKeyword</method>
  <thread>1</thread>
  <message>End action : verifyElementPropertyValue(response, \&amp;quot;results[0].resolutions[0].resources[0].annText\&amp;quot;, \&amp;quot;1979 NAF SEQ READ FOR UPD\&amp;quot;)</message>
  <nestedLevel>1</nestedLevel>
</record>
<record>
  <date>2019-06-28T12:43:57</date>
  <millis>1561706037196</millis>
  <sequence>34</sequence>
  <level>START</level>
  <class>com.kms.katalon.core.logging.XmlKeywordLogger</class>
  <method>startKeyword</method>
  <thread>1</thread>
  <message>Start action : verifyElementPropertyValue(response, \&amp;quot;results[0].resolutions[0].resources[0].value\&amp;quot;, \&amp;quot;NAF\&amp;quot;)</message>
  <nestedLevel>1</nestedLevel>
  <property name="startLine">28</property>
  <property name="stepIndex">7</property>
</record>
<record>
  <date>2019-06-28T12:43:57</date>
  <millis>1561706037231</millis>
  <sequence>36</sequence>
  <level>PASSED</level>
  <class>com.kms.katalon.core.logging.XmlKeywordLogger</class>
  <method>logMessage</method>
  <thread>1</thread>
  <message>Verify element property value successfully</message>
  <nestedLevel>1</nestedLevel>
</record>
<record>
  <date>2019-06-28T12:43:57</date>
  <millis>1561706037235</millis>
  <sequence>37</sequence>
  <level>END</level>
  <class>com.kms.katalon.core.logging.XmlKeywordLogger</class>
  <method>endKeyword</method>
  <thread>1</thread>
  <message>End action : verifyElementPropertyValue(response, \&amp;quot;results[0].resolutions[0].resources[0].value\&amp;quot;, \&amp;quot;NAF\&amp;quot;)</message>
  <nestedLevel>1</nestedLevel>
</record>
<record>
  <date>2019-06-28T12:43:57</date>
  <millis>1561706037236</millis>
  <sequence>38</sequence>
  <level>START</level>
  <class>com.kms.katalon.core.logging.XmlKeywordLogger</class>
  <method>startKeyword</method>
  <thread>1</thread>
  <message>Start action : verifyElementPropertyValue(response, \&amp;quot;results[0].resolutions[0].resources[0].resourceType\&amp;quot;, \&amp;quot;File\&amp;quot;)</message>
  <nestedLevel>1</nestedLevel>
  <property name="startLine">30</property>
  <property name="stepIndex">8</property>
</record>
<record>
  <date>2019-06-28T12:43:57</date>
  <millis>1561706037288</millis>
  <sequence>40</sequence>
  <level>PASSED</level>
  <class>com.kms.katalon.core.logging.XmlKeywordLogger</class>
  <method>logMessage</method>
  <thread>1</thread>
  <message>Verify element property value successfully</message>
  <nestedLevel>1</nestedLevel>
</record>
<record>
  <date>2019-06-28T12:43:57</date>
  <millis>1561706037291</millis>
  <sequence>41</sequence>
  <level>END</level>
  <class>com.kms.katalon.core.logging.XmlKeywordLogger</class>
  <method>endKeyword</method>
  <thread>1</thread>
  <message>End action : verifyElementPropertyValue(response, \&amp;quot;results[0].resolutions[0].resources[0].resourceType\&amp;quot;, \&amp;quot;File\&amp;quot;)</message>
  <nestedLevel>1</nestedLevel>
</record>
<record>
  <date>2019-06-28T12:43:57</date>
  <millis>1561706037291</millis>
  <sequence>42</sequence>
  <level>START</level>
  <class>com.kms.katalon.core.logging.XmlKeywordLogger</class>
  <method>startKeyword</method>
  <thread>1</thread>
  <message>Start action : slurper = new groovy.json.JsonSlurper()</message>
  <nestedLevel>1</nestedLevel>
  <property name="startLine">32</property>
  <property name="stepIndex">9</property>
</record>
<record>
  <date>2019-06-28T12:43:57</date>
  <millis>1561706037297</millis>
  <sequence>43</sequence>
  <level>END</level>
  <class>com.kms.katalon.core.logging.XmlKeywordLogger</class>
  <method>endKeyword</method>
  <thread>1</thread>
  <message>End action : slurper = new groovy.json.JsonSlurper()</message>
  <nestedLevel>1</nestedLevel>
</record>
<record>
  <date>2019-06-28T12:43:57</date>
  <millis>1561706037298</millis>
  <sequence>44</sequence>
  <level>START</level>
  <class>com.kms.katalon.core.logging.XmlKeywordLogger</class>
  <method>startKeyword</method>
  <thread>1</thread>
  <message>Start action : result = slurper.parseText(response.getResponseBodyContent())</message>
  <nestedLevel>1</nestedLevel>
  <property name="startLine">34</property>
  <property name="stepIndex">10</property>
</record>
<record>
  <date>2019-06-28T12:43:57</date>
  <millis>1561706037311</millis>
  <sequence>45</sequence>
  <level>END</level>
  <class>com.kms.katalon.core.logging.XmlKeywordLogger</class>
  <method>endKeyword</method>
  <thread>1</thread>
  <message>End action : result = slurper.parseText(response.getResponseBodyContent())</message>
  <nestedLevel>1</nestedLevel>
</record>
<record>
  <date>2019-06-28T12:43:57</date>
  <millis>1561706037311</millis>
  <sequence>46</sequence>
  <level>START</level>
  <class>com.kms.katalon.core.logging.XmlKeywordLogger</class>
  <method>startKeyword</method>
  <thread>1</thread>
  <message>Start action : activityid = annText</message>
  <nestedLevel>1</nestedLevel>
  <property name="startLine">36</property>
  <property name="stepIndex">11</property>
</record>
<record>
  <date>2019-06-28T12:43:57</date>
  <millis>1561706037313</millis>
  <sequence>47</sequence>
  <level>END</level>
  <class>com.kms.katalon.core.logging.XmlKeywordLogger</class>
  <method>endKeyword</method>
  <thread>1</thread>
  <message>End action : activityid = annText</message>
  <nestedLevel>1</nestedLevel>
</record>
<record>
  <date>2019-06-28T12:43:57</date>
  <millis>1561706037314</millis>
  <sequence>48</sequence>
  <level>START</level>
  <class>com.kms.katalon.core.logging.XmlKeywordLogger</class>
  <method>startKeyword</method>
  <thread>1</thread>
  <message>Start action : str = activityid.split(\&amp;quot; \&amp;quot;)</message>
  <nestedLevel>1</nestedLevel>
  <property name="startLine">38</property>
  <property name="stepIndex">12</property>
</record>
<record>
  <date>2019-06-28T12:43:57</date>
  <millis>1561706037318</millis>
  <sequence>49</sequence>
  <level>END</level>
  <class>com.kms.katalon.core.logging.XmlKeywordLogger</class>
  <method>endKeyword</method>
  <thread>1</thread>
  <message>End action : str = activityid.split(\&amp;quot; \&amp;quot;)</message>
  <nestedLevel>1</nestedLevel>
</record>
<record>
  <date>2019-06-28T12:43:57</date>
  <millis>1561706037319</millis>
  <sequence>50</sequence>
  <level>START</level>
  <class>com.kms.katalon.core.logging.XmlKeywordLogger</class>
  <method>startKeyword</method>
  <thread>1</thread>
  <message>Start action : activity_id = str[0]</message>
  <nestedLevel>1</nestedLevel>
  <property name="startLine">40</property>
  <property name="stepIndex">13</property>
</record>
<record>
  <date>2019-06-28T12:43:57</date>
  <millis>1561706037320</millis>
  <sequence>51</sequence>
  <level>END</level>
  <class>com.kms.katalon.core.logging.XmlKeywordLogger</class>
  <method>endKeyword</method>
  <thread>1</thread>
  <message>End action : activity_id = str[0]</message>
  <nestedLevel>1</nestedLevel>
</record>
<record>
  <date>2019-06-28T12:43:57</date>
  <millis>1561706037322</millis>
  <sequence>52</sequence>
  <level>START</level>
  <class>com.kms.katalon.core.logging.XmlKeywordLogger</class>
  <method>startKeyword</method>
  <thread>1</thread>
  <message>Start action : println(\&amp;quot;activity_id:- \&amp;quot; + activity_id)</message>
  <nestedLevel>1</nestedLevel>
  <property name="startLine">42</property>
  <property name="stepIndex">14</property>
</record>
<record>
  <date>2019-06-28T12:43:57</date>
  <millis>1561706037330</millis>
  <sequence>53</sequence>
  <level>END</level>
  <class>com.kms.katalon.core.logging.XmlKeywordLogger</class>
  <method>endKeyword</method>
  <thread>1</thread>
  <message>End action : println(\&amp;quot;activity_id:- \&amp;quot; + activity_id)</message>
  <nestedLevel>1</nestedLevel>
</record>
<record>
  <date>2019-06-28T12:43:57</date>
  <millis>1561706037332</millis>
  <sequence>54</sequence>
  <level>START</level>
  <class>com.kms.katalon.core.logging.XmlKeywordLogger</class>
  <method>startKeyword</method>
  <thread>1</thread>
  <message>Start action : DataBase_Name = value</message>
  <nestedLevel>1</nestedLevel>
  <property name="startLine">44</property>
  <property name="stepIndex">15</property>
</record>
<record>
  <date>2019-06-28T12:43:57</date>
  <millis>1561706037336</millis>
  <sequence>55</sequence>
  <level>END</level>
  <class>com.kms.katalon.core.logging.XmlKeywordLogger</class>
  <method>endKeyword</method>
  <thread>1</thread>
  <message>End action : DataBase_Name = value</message>
  <nestedLevel>1</nestedLevel>
</record>
<record>
  <date>2019-06-28T12:43:57</date>
  <millis>1561706037337</millis>
  <sequence>56</sequence>
  <level>START</level>
  <class>com.kms.katalon.core.logging.XmlKeywordLogger</class>
  <method>startKeyword</method>
  <thread>1</thread>
  <message>Start action : activity_url = \&amp;quot;http://localhost:9090/hogan-connector/activity/000000\&amp;quot; + activity_id</message>
  <nestedLevel>1</nestedLevel>
  <property name="startLine">46</property>
  <property name="stepIndex">16</property>
</record>
<record>
  <date>2019-06-28T12:43:57</date>
  <millis>1561706037340</millis>
  <sequence>57</sequence>
  <level>END</level>
  <class>com.kms.katalon.core.logging.XmlKeywordLogger</class>
  <method>endKeyword</method>
  <thread>1</thread>
  <message>End action : activity_url = \&amp;quot;http://localhost:9090/hogan-connector/activity/000000\&amp;quot; + activity_id</message>
  <nestedLevel>1</nestedLevel>
</record>
<record>
  <date>2019-06-28T12:43:57</date>
  <millis>1561706037341</millis>
  <sequence>58</sequence>
  <level>START</level>
  <class>com.kms.katalon.core.logging.XmlKeywordLogger</class>
  <method>startKeyword</method>
  <thread>1</thread>
  <message>Start action : println(\&amp;quot;activity_url is :- \&amp;quot; + activity_url)</message>
  <nestedLevel>1</nestedLevel>
  <property name="startLine">48</property>
  <property name="stepIndex">17</property>
</record>
<record>
  <date>2019-06-28T12:43:57</date>
  <millis>1561706037344</millis>
  <sequence>59</sequence>
  <level>END</level>
  <class>com.kms.katalon.core.logging.XmlKeywordLogger</class>
  <method>endKeyword</method>
  <thread>1</thread>
  <message>End action : println(\&amp;quot;activity_url is :- \&amp;quot; + activity_url)</message>
  <nestedLevel>1</nestedLevel>
</record>
<record>
  <date>2019-06-28T12:43:57</date>
  <millis>1561706037345</millis>
  <sequence>60</sequence>
  <level>START</level>
  <class>com.kms.katalon.core.logging.XmlKeywordLogger</class>
  <method>startKeyword</method>
  <thread>1</thread>
  <message>Start action : callTestCase(findTestCase(\&amp;quot;ROC_Activity_Hdb_1979/Activity_Controller_Verify_Response_1979\&amp;quot;), [\&amp;quot;URLS\&amp;quot;:activity_url, \&amp;quot;D_Name\&amp;quot;:DataBase_Name], CONTINUE_ON_FAILURE)</message>
  <nestedLevel>1</nestedLevel>
  <property name="startLine">50</property>
  <property name="stepIndex">18</property>
</record>
<record>
  <date>2019-06-28T12:43:57</date>
  <millis>1561706037478</millis>
  <sequence>63</sequence>
  <level>START</level>
  <class>com.kms.katalon.core.logging.XmlKeywordLogger</class>
  <method>startTest</method>
  <thread>1</thread>
  <message>Start Test Case : Test Cases/ROC_Activity_Hdb_1979/Activity_Controller_Verify_Response_1979</message>
  <nestedLevel>2</nestedLevel>
  <property name="name">Test Cases/ROC_Activity_Hdb_1979/Activity_Controller_Verify_Response_1979</property>
  <property name="description"></property>
  <property name="id">Test Cases/ROC_Activity_Hdb_1979/Activity_Controller_Verify_Response_1979</property>
  <property name="source">C:\\Users\\khaja.h\\Katalon Studio\\ADDI_Connect\\Test Cases\\ROC_Activity_Hdb_1979\\Activity_Controller_Verify_Response_1979.tc</property>
  <property name="isOptional">false</property>
</record>
<record>
  <date>2019-06-28T12:43:57</date>
  <millis>1561706037970</millis>
  <sequence>65</sequence>
  <level>START</level>
  <class>com.kms.katalon.core.logging.XmlKeywordLogger</class>
  <method>startKeyword</method>
  <thread>1</thread>
  <message>Start action : response = sendRequest(findTestObject(\&amp;quot;ROC_Activity_Hdb_1979/Activity_Controller_Verify_Response_1979\&amp;quot;, [\&amp;quot;Activity_URL\&amp;quot;:URLS]))</message>
  <nestedLevel>1</nestedLevel>
  <property name="startLine">16</property>
  <property name="stepIndex">1</property>
</record>
<record>
  <date>2019-06-28T12:43:58</date>
  <millis>1561706038131</millis>
  <sequence>68</sequence>
  <level>INFO</level>
  <class>com.kms.katalon.core.logging.XmlKeywordLogger</class>
  <method>logMessage</method>
  <thread>1</thread>
  <message>HAR: C:\\Users\\khaja.h\\Katalon Studio\\ADDI_Connect\\Reports\\ROC_Activity_Hdb_1979\\20190628_124256\\requests\\main\\1.har</message>
  <nestedLevel>2</nestedLevel>
  <property name="harId">1c201bdc-7fa7-4f8f-bef9-d21cd16aff08</property>
</record>
<record>
  <date>2019-06-28T12:43:58</date>
  <millis>1561706038140</millis>
  <sequence>69</sequence>
  <level>PASSED</level>
  <class>com.kms.katalon.core.logging.XmlKeywordLogger</class>
  <method>logMessage</method>
  <thread>1</thread>
  <message>Send request successfully</message>
  <nestedLevel>2</nestedLevel>
</record>
<record>
  <date>2019-06-28T12:43:58</date>
  <millis>1561706038141</millis>
  <sequence>70</sequence>
  <level>END</level>
  <class>com.kms.katalon.core.logging.XmlKeywordLogger</class>
  <method>endKeyword</method>
  <thread>1</thread>
  <message>End action : response = sendRequest(findTestObject(\&amp;quot;ROC_Activity_Hdb_1979/Activity_Controller_Verify_Response_1979\&amp;quot;, [\&amp;quot;Activity_URL\&amp;quot;:URLS]))</message>
  <nestedLevel>1</nestedLevel>
</record>
<record>
  <date>2019-06-28T12:43:58</date>
  <millis>1561706038143</millis>
  <sequence>71</sequence>
  <level>START</level>
  <class>com.kms.katalon.core.logging.XmlKeywordLogger</class>
  <method>startKeyword</method>
  <thread>1</thread>
  <message>Start action : verifyResponseStatusCode(response, 200)</message>
  <nestedLevel>1</nestedLevel>
  <property name="startLine">18</property>
  <property name="stepIndex">2</property>
</record>
<record>
  <date>2019-06-28T12:43:58</date>
  <millis>1561706038144</millis>
  <sequence>73</sequence>
  <level>PASSED</level>
  <class>com.kms.katalon.core.logging.XmlKeywordLogger</class>
  <method>logMessage</method>
  <thread>1</thread>
  <message>Verify response status code successfully</message>
  <nestedLevel>2</nestedLevel>
</record>
<record>
  <date>2019-06-28T12:43:58</date>
  <millis>1561706038145</millis>
  <sequence>74</sequence>
  <level>END</level>
  <class>com.kms.katalon.core.logging.XmlKeywordLogger</class>
  <method>endKeyword</method>
  <thread>1</thread>
  <message>End action : verifyResponseStatusCode(response, 200)</message>
  <nestedLevel>1</nestedLevel>
</record>
<record>
  <date>2019-06-28T12:43:58</date>
  <millis>1561706038145</millis>
  <sequence>75</sequence>
  <level>START</level>
  <class>com.kms.katalon.core.logging.XmlKeywordLogger</class>
  <method>startKeyword</method>
  <thread>1</thread>
  <message>Start action : verifyElementPropertyValue(response, \&amp;quot;[0].databaseName\&amp;quot;, \&amp;quot;NAF\&amp;quot;)</message>
  <nestedLevel>1</nestedLevel>
  <property name="startLine">20</property>
  <property name="stepIndex">3</property>
</record>
<record>
  <date>2019-06-28T12:43:58</date>
  <millis>1561706038173</millis>
  <sequence>77</sequence>
  <level>PASSED</level>
  <class>com.kms.katalon.core.logging.XmlKeywordLogger</class>
  <method>logMessage</method>
  <thread>1</thread>
  <message>Verify element property value successfully</message>
  <nestedLevel>2</nestedLevel>
</record>
<record>
  <date>2019-06-28T12:43:58</date>
  <millis>1561706038176</millis>
  <sequence>78</sequence>
  <level>END</level>
  <class>com.kms.katalon.core.logging.XmlKeywordLogger</class>
  <method>endKeyword</method>
  <thread>1</thread>
  <message>End action : verifyElementPropertyValue(response, \&amp;quot;[0].databaseName\&amp;quot;, \&amp;quot;NAF\&amp;quot;)</message>
  <nestedLevel>1</nestedLevel>
</record>
<record>
  <date>2019-06-28T12:43:58</date>
  <millis>1561706038176</millis>
  <sequence>79</sequence>
  <level>START</level>
  <class>com.kms.katalon.core.logging.XmlKeywordLogger</class>
  <method>startKeyword</method>
  <thread>1</thread>
  <message>Start action : Databasename = D_Name</message>
  <nestedLevel>1</nestedLevel>
  <property name="startLine">22</property>
  <property name="stepIndex">4</property>
</record>
<record>
  <date>2019-06-28T12:43:58</date>
  <millis>1561706038178</millis>
  <sequence>80</sequence>
  <level>END</level>
  <class>com.kms.katalon.core.logging.XmlKeywordLogger</class>
  <method>endKeyword</method>
  <thread>1</thread>
  <message>End action : Databasename = D_Name</message>
  <nestedLevel>1</nestedLevel>
</record>
<record>
  <date>2019-06-28T12:43:58</date>
  <millis>1561706038178</millis>
  <sequence>81</sequence>
  <level>START</level>
  <class>com.kms.katalon.core.logging.XmlKeywordLogger</class>
  <method>startKeyword</method>
  <thread>1</thread>
  <message>Start action : slurper = new groovy.json.JsonSlurper()</message>
  <nestedLevel>1</nestedLevel>
  <property name="startLine">24</property>
  <property name="stepIndex">5</property>
</record>
<record>
  <date>2019-06-28T12:43:58</date>
  <millis>1561706038180</millis>
  <sequence>82</sequence>
  <level>END</level>
  <class>com.kms.katalon.core.logging.XmlKeywordLogger</class>
  <method>endKeyword</method>
  <thread>1</thread>
  <message>End action : slurper = new groovy.json.JsonSlurper()</message>
  <nestedLevel>1</nestedLevel>
</record>
<record>
  <date>2019-06-28T12:43:58</date>
  <millis>1561706038181</millis>
  <sequence>83</sequence>
  <level>START</level>
  <class>com.kms.katalon.core.logging.XmlKeywordLogger</class>
  <method>startKeyword</method>
  <thread>1</thread>
  <message>Start action : result = slurper.parseText(response.getResponseBodyContent())</message>
  <nestedLevel>1</nestedLevel>
  <property name="startLine">26</property>
  <property name="stepIndex">6</property>
</record>
<record>
  <date>2019-06-28T12:43:58</date>
  <millis>1561706038184</millis>
  <sequence>84</sequence>
  <level>END</level>
  <class>com.kms.katalon.core.logging.XmlKeywordLogger</class>
  <method>endKeyword</method>
  <thread>1</thread>
  <message>End action : result = slurper.parseText(response.getResponseBodyContent())</message>
  <nestedLevel>1</nestedLevel>
</record>
<record>
  <date>2019-06-28T12:43:58</date>
  <millis>1561706038184</millis>
  <sequence>85</sequence>
  <level>START</level>
  <class>com.kms.katalon.core.logging.XmlKeywordLogger</class>
  <method>startKeyword</method>
  <thread>1</thread>
  <message>Start action : database_name = databaseName</message>
  <nestedLevel>1</nestedLevel>
  <property name="startLine">28</property>
  <property name="stepIndex">7</property>
</record>
<record>
  <date>2019-06-28T12:43:58</date>
  <millis>1561706038185</millis>
  <sequence>86</sequence>
  <level>END</level>
  <class>com.kms.katalon.core.logging.XmlKeywordLogger</class>
  <method>endKeyword</method>
  <thread>1</thread>
  <message>End action : database_name = databaseName</message>
  <nestedLevel>1</nestedLevel>
</record>
<record>
  <date>2019-06-28T12:43:58</date>
  <millis>1561706038186</millis>
  <sequence>87</sequence>
  <level>START</level>
  <class>com.kms.katalon.core.logging.XmlKeywordLogger</class>
  <method>startKeyword</method>
  <thread>1</thread>
  <message>Start action : dglist = listADG</message>
  <nestedLevel>1</nestedLevel>
  <property name="startLine">30</property>
  <property name="stepIndex">8</property>
</record>
<record>
  <date>2019-06-28T12:43:58</date>
  <millis>1561706038188</millis>
  <sequence>88</sequence>
  <level>END</level>
  <class>com.kms.katalon.core.logging.XmlKeywordLogger</class>
  <method>endKeyword</method>
  <thread>1</thread>
  <message>End action : dglist = listADG</message>
  <nestedLevel>1</nestedLevel>
</record>
<record>
  <date>2019-06-28T12:43:58</date>
  <millis>1561706038188</millis>
  <sequence>89</sequence>
  <level>START</level>
  <class>com.kms.katalon.core.logging.XmlKeywordLogger</class>
  <method>startKeyword</method>
  <thread>1</thread>
  <message>Start action : println(\&amp;quot;dglist is :- \&amp;quot; + dglist)</message>
  <nestedLevel>1</nestedLevel>
  <property name="startLine">32</property>
  <property name="stepIndex">9</property>
</record>
<record>
  <date>2019-06-28T12:43:58</date>
  <millis>1561706038190</millis>
  <sequence>90</sequence>
  <level>END</level>
  <class>com.kms.katalon.core.logging.XmlKeywordLogger</class>
  <method>endKeyword</method>
  <thread>1</thread>
  <message>End action : println(\&amp;quot;dglist is :- \&amp;quot; + dglist)</message>
  <nestedLevel>1</nestedLevel>
</record>
<record>
  <date>2019-06-28T12:43:58</date>
  <millis>1561706038190</millis>
  <sequence>91</sequence>
  <level>START</level>
  <class>com.kms.katalon.core.logging.XmlKeywordLogger</class>
  <method>startKeyword</method>
  <thread>1</thread>
  <message>Start action : str = dglist</message>
  <nestedLevel>1</nestedLevel>
  <property name="startLine">34</property>
  <property name="stepIndex">10</property>
</record>
<record>
  <date>2019-06-28T12:43:58</date>
  <millis>1561706038191</millis>
  <sequence>92</sequence>
  <level>END</level>
  <class>com.kms.katalon.core.logging.XmlKeywordLogger</class>
  <method>endKeyword</method>
  <thread>1</thread>
  <message>End action : str = dglist</message>
  <nestedLevel>1</nestedLevel>
</record>
<record>
  <date>2019-06-28T12:43:58</date>
  <millis>1561706038192</millis>
  <sequence>93</sequence>
  <level>START</level>
  <class>com.kms.katalon.core.logging.XmlKeywordLogger</class>
  <method>startKeyword</method>
  <thread>1</thread>
  <message>Start action : println(\&amp;quot;str is :- \&amp;quot; + str)</message>
  <nestedLevel>1</nestedLevel>
  <property name="startLine">36</property>
  <property name="stepIndex">11</property>
</record>
<record>
  <date>2019-06-28T12:43:58</date>
  <millis>1561706038199</millis>
  <sequence>94</sequence>
  <level>END</level>
  <class>com.kms.katalon.core.logging.XmlKeywordLogger</class>
  <method>endKeyword</method>
  <thread>1</thread>
  <message>End action : println(\&amp;quot;str is :- \&amp;quot; + str)</message>
  <nestedLevel>1</nestedLevel>
</record>
<record>
  <date>2019-06-28T12:43:58</date>
  <millis>1561706038200</millis>
  <sequence>95</sequence>
  <level>START</level>
  <class>com.kms.katalon.core.logging.XmlKeywordLogger</class>
  <method>startKeyword</method>
  <thread>1</thread>
  <message>Start action : dg = str.split(\&amp;quot;,\&amp;quot;)</message>
  <nestedLevel>1</nestedLevel>
  <property name="startLine">38</property>
  <property name="stepIndex">12</property>
</record>
<record>
  <date>2019-06-28T12:43:58</date>
  <millis>1561706038202</millis>
  <sequence>96</sequence>
  <level>END</level>
  <class>com.kms.katalon.core.logging.XmlKeywordLogger</class>
  <method>endKeyword</method>
  <thread>1</thread>
  <message>End action : dg = str.split(\&amp;quot;,\&amp;quot;)</message>
  <nestedLevel>1</nestedLevel>
</record>
<record>
  <date>2019-06-28T12:43:58</date>
  <millis>1561706038202</millis>
  <sequence>97</sequence>
  <level>START</level>
  <class>com.kms.katalon.core.logging.XmlKeywordLogger</class>
  <method>startKeyword</method>
  <thread>1</thread>
  <message>Start action : usecode = dg[3]</message>
  <nestedLevel>1</nestedLevel>
  <property name="startLine">40</property>
  <property name="stepIndex">13</property>
</record>
<record>
  <date>2019-06-28T12:43:58</date>
  <millis>1561706038204</millis>
  <sequence>98</sequence>
  <level>END</level>
  <class>com.kms.katalon.core.logging.XmlKeywordLogger</class>
  <method>endKeyword</method>
  <thread>1</thread>
  <message>End action : usecode = dg[3]</message>
  <nestedLevel>1</nestedLevel>
</record>
<record>
  <date>2019-06-28T12:43:58</date>
  <millis>1561706038204</millis>
  <sequence>99</sequence>
  <level>START</level>
  <class>com.kms.katalon.core.logging.XmlKeywordLogger</class>
  <method>startKeyword</method>
  <thread>1</thread>
  <message>Start action : println(usecode)</message>
  <nestedLevel>1</nestedLevel>
  <property name="startLine">42</property>
  <property name="stepIndex">14</property>
</record>
<record>
  <date>2019-06-28T12:43:58</date>
  <millis>1561706038208</millis>
  <sequence>100</sequence>
  <level>END</level>
  <class>com.kms.katalon.core.logging.XmlKeywordLogger</class>
  <method>endKeyword</method>
  <thread>1</thread>
  <message>End action : println(usecode)</message>
  <nestedLevel>1</nestedLevel>
</record>
<record>
  <date>2019-06-28T12:43:58</date>
  <millis>1561706038208</millis>
  <sequence>101</sequence>
  <level>START</level>
  <class>com.kms.katalon.core.logging.XmlKeywordLogger</class>
  <method>startKeyword</method>
  <thread>1</thread>
  <message>Start action : if (database_name.equalsIgnoreCase(Databasename))</message>
  <nestedLevel>1</nestedLevel>
  <property name="startLine">45</property>
  <property name="stepIndex">15</property>
</record>
<record>
  <date>2019-06-28T12:43:58</date>
  <millis>1561706038212</millis>
  <sequence>102</sequence>
  <level>START</level>
  <class>com.kms.katalon.core.logging.XmlKeywordLogger</class>
  <method>startKeyword</method>
  <thread>1</thread>
  <message>Start action : verifyElementPropertyValue(response, \&amp;quot;[0].activityType\&amp;quot;, \&amp;quot;HDB\&amp;quot;)</message>
  <nestedLevel>2</nestedLevel>
  <property name="startLine">47</property>
  <property name="stepIndex">1</property>
</record>
<record>
  <date>2019-06-28T12:43:58</date>
  <millis>1561706038248</millis>
  <sequence>104</sequence>
  <level>PASSED</level>
  <class>com.kms.katalon.core.logging.XmlKeywordLogger</class>
  <method>logMessage</method>
  <thread>1</thread>
  <message>Verify element property value successfully</message>
  <nestedLevel>2</nestedLevel>
</record>
<record>
  <date>2019-06-28T12:43:58</date>
  <millis>1561706038249</millis>
  <sequence>105</sequence>
  <level>END</level>
  <class>com.kms.katalon.core.logging.XmlKeywordLogger</class>
  <method>endKeyword</method>
  <thread>1</thread>
  <message>End action : verifyElementPropertyValue(response, \&amp;quot;[0].activityType\&amp;quot;, \&amp;quot;HDB\&amp;quot;)</message>
  <nestedLevel>2</nestedLevel>
</record>
<record>
  <date>2019-06-28T12:43:58</date>
  <millis>1561706038249</millis>
  <sequence>106</sequence>
  <level>END</level>
  <class>com.kms.katalon.core.logging.XmlKeywordLogger</class>
  <method>endKeyword</method>
  <thread>1</thread>
  <message>End action : if (database_name.equalsIgnoreCase(Databasename))</message>
  <nestedLevel>1</nestedLevel>
</record>
<record>
  <date>2019-06-28T12:43:58</date>
  <millis>1561706038251</millis>
  <sequence>107</sequence>
  <level>PASSED</level>
  <class>com.kms.katalon.core.logging.XmlKeywordLogger</class>
  <method>logMessage</method>
  <thread>1</thread>
  <message>Test Cases/ROC_Activity_Hdb_1979/Activity_Controller_Verify_Response_1979</message>
  <nestedLevel>2</nestedLevel>
</record>
<record>
  <date>2019-06-28T12:43:58</date>
  <millis>1561706038252</millis>
  <sequence>108</sequence>
  <level>END</level>
  <class>com.kms.katalon.core.logging.XmlKeywordLogger</class>
  <method>endTest</method>
  <thread>1</thread>
  <message>End Test Case : Test Cases/ROC_Activity_Hdb_1979/Activity_Controller_Verify_Response_1979</message>
  <nestedLevel>1</nestedLevel>
</record>
<record>
  <date>2019-06-28T12:43:58</date>
  <millis>1561706038263</millis>
  <sequence>109</sequence>
  <level>PASSED</level>
  <class>com.kms.katalon.core.logging.XmlKeywordLogger</class>
  <method>logMessage</method>
  <thread>1</thread>
  <message>Call Test Case &amp;apos;Test Cases/ROC_Activity_Hdb_1979/Activity_Controller_Verify_Response_1979&amp;apos; successfully</message>
  <nestedLevel>1</nestedLevel>
</record>
<record>
  <date>2019-06-28T12:43:58</date>
  <millis>1561706038264</millis>
  <sequence>110</sequence>
  <level>END</level>
  <class>com.kms.katalon.core.logging.XmlKeywordLogger</class>
  <method>endKeyword</method>
  <thread>1</thread>
  <message>End action : callTestCase(findTestCase(\&amp;quot;ROC_Activity_Hdb_1979/Activity_Controller_Verify_Response_1979\&amp;quot;), [\&amp;quot;URLS\&amp;quot;:activity_url, \&amp;quot;D_Name\&amp;quot;:DataBase_Name], CONTINUE_ON_FAILURE)</message>
  <nestedLevel>1</nestedLevel>
</record>
<record>
  <date>2019-06-28T12:43:58</date>
  <millis>1561706038264</millis>
  <sequence>111</sequence>
  <level>PASSED</level>
  <class>com.kms.katalon.core.logging.XmlKeywordLogger</class>
  <method>logMessage</method>
  <thread>1</thread>
  <message>Test Cases/ROC_Activity_Hdb_1979/Roc_hogan_connector_activity_Hdb_1979</message>
  <nestedLevel>1</nestedLevel>
</record>
<record>
  <date>2019-06-28T12:43:58</date>
  <millis>1561706038264</millis>
  <sequence>112</sequence>
  <level>END</level>
  <class>com.kms.katalon.core.logging.XmlKeywordLogger</class>
  <method>endTest</method>
  <thread>1</thread>
  <message>End Test Case : Test Cases/ROC_Activity_Hdb_1979/Roc_hogan_connector_activity_Hdb_1979</message>
  <nestedLevel>0</nestedLevel>
</record>
<record>
  <date>2019-06-28T12:43:58</date>
  <millis>1561706038343</millis>
  <sequence>113</sequence>
  <level>END</level>
  <class>com.kms.katalon.core.logging.XmlKeywordLogger</class>
  <method>endSuite</method>
  <thread>1</thread>
  <message>End Test Suite : Test Suites/ROC_Activity_Hdb_1979</message>
  <nestedLevel>0</nestedLevel>
</record>
</log>