<?xml version="1.0" encoding="UTF-8" standalone="no"?>
<!DOCTYPE log SYSTEM "logger.dtd">
<log>
<record>
  <date>2019-06-24T12:14:49</date>
  <millis>1561358689439</millis>
  <sequence>0</sequence>
  <level>START</level>
  <class>com.kms.katalon.core.logging.XmlKeywordLogger</class>
  <method>startSuite</method>
  <thread>1</thread>
  <message>Start Test Suite : Test Suites/ROC_Activity_END_WORK_DUMP_EXCEP</message>
  <nestedLevel>0</nestedLevel>
  <property name="name">ROC_Activity_END_WORK_DUMP_EXCEP</property>
  <property name="description"></property>
  <property name="id">Test Suites/ROC_Activity_END_WORK_DUMP_EXCEP</property>
</record>
<record>
  <date>2019-06-24T12:14:49</date>
  <millis>1561358689464</millis>
  <sequence>1</sequence>
  <level>RUN_DATA</level>
  <class>com.kms.katalon.core.logging.XmlKeywordLogger</class>
  <method>logMessage</method>
  <thread>1</thread>
  <message>hostName = khaja.h - LP-5CD7465GP0.HCLT.CORP.HCL.IN</message>
  <nestedLevel>0</nestedLevel>
  <property name="hostName">khaja.h - LP-5CD7465GP0.HCLT.CORP.HCL.IN</property>
</record>
<record>
  <date>2019-06-24T12:14:49</date>
  <millis>1561358689465</millis>
  <sequence>2</sequence>
  <level>RUN_DATA</level>
  <class>com.kms.katalon.core.logging.XmlKeywordLogger</class>
  <method>logMessage</method>
  <thread>1</thread>
  <message>os = Windows 10 64bit</message>
  <nestedLevel>0</nestedLevel>
  <property name="os">Windows 10 64bit</property>
</record>
<record>
  <date>2019-06-24T12:14:49</date>
  <millis>1561358689467</millis>
  <sequence>3</sequence>
  <level>RUN_DATA</level>
  <class>com.kms.katalon.core.logging.XmlKeywordLogger</class>
  <method>logMessage</method>
  <thread>1</thread>
  <message>hostAddress = 172.23.0.1</message>
  <nestedLevel>0</nestedLevel>
  <property name="hostAddress">172.23.0.1</property>
</record>
<record>
  <date>2019-06-24T12:14:49</date>
  <millis>1561358689472</millis>
  <sequence>4</sequence>
  <level>RUN_DATA</level>
  <class>com.kms.katalon.core.logging.XmlKeywordLogger</class>
  <method>logMessage</method>
  <thread>1</thread>
  <message>katalonVersion = 5.10.1.1</message>
  <nestedLevel>0</nestedLevel>
  <property name="katalonVersion">5.10.1.1</property>
</record>
<record>
  <date>2019-06-24T12:14:49</date>
  <millis>1561358689800</millis>
  <sequence>5</sequence>
  <level>START</level>
  <class>com.kms.katalon.core.logging.XmlKeywordLogger</class>
  <method>startTest</method>
  <thread>1</thread>
  <message>Start Test Case : Test Cases/ROC_Activity_END_WORK_DUMP_EXCEP/Roc_hogan_connector_activity_END_WORK_DUMP_EXCEP</message>
  <nestedLevel>1</nestedLevel>
  <property name="name">Test Cases/ROC_Activity_END_WORK_DUMP_EXCEP/Roc_hogan_connector_activity_END_WORK_DUMP_EXCEP</property>
  <property name="description"></property>
  <property name="id">Test Cases/ROC_Activity_END_WORK_DUMP_EXCEP/Roc_hogan_connector_activity_END_WORK_DUMP_EXCEP</property>
  <property name="source">C:\\Users\\khaja.h\\Katalon Studio\\ADDI_Connect\\Test Cases\\ROC_Activity_END_WORK_DUMP_EXCEP\\Roc_hogan_connector_activity_END_WORK_DUMP_EXCEP.tc</property>
  <property name="isOptional">false</property>
</record>
<record>
  <date>2019-06-24T12:14:50</date>
  <millis>1561358690303</millis>
  <sequence>7</sequence>
  <level>START</level>
  <class>com.kms.katalon.core.logging.XmlKeywordLogger</class>
  <method>startKeyword</method>
  <thread>1</thread>
  <message>Start action : response = sendRequest(findTestObject(\&amp;quot;ROC_Activity_END_WORK_DUMP_EXCEP/Roc_hogan_connector_activity_END_WORK_DUMP_EXCEP\&amp;quot;))</message>
  <nestedLevel>1</nestedLevel>
  <property name="startLine">16</property>
  <property name="stepIndex">1</property>
</record>
<record>
  <date>2019-06-24T12:14:53</date>
  <millis>1561358693008</millis>
  <sequence>11</sequence>
  <level>INFO</level>
  <class>com.kms.katalon.core.logging.XmlKeywordLogger</class>
  <method>logMessage</method>
  <thread>1</thread>
  <message>HAR: C:\\Users\\khaja.h\\Katalon Studio\\ADDI_Connect\\Reports\\ROC_Activity_END_WORK_DUMP_EXCEP\\20190624_121334\\requests\\main\\0.har</message>
  <nestedLevel>1</nestedLevel>
  <property name="harId">32b3de41-b776-42e2-b5a7-23d807a18dce</property>
</record>
<record>
  <date>2019-06-24T12:14:53</date>
  <millis>1561358693180</millis>
  <sequence>12</sequence>
  <level>PASSED</level>
  <class>com.kms.katalon.core.logging.XmlKeywordLogger</class>
  <method>logMessage</method>
  <thread>1</thread>
  <message>Send request successfully</message>
  <nestedLevel>1</nestedLevel>
</record>
<record>
  <date>2019-06-24T12:14:53</date>
  <millis>1561358693182</millis>
  <sequence>13</sequence>
  <level>END</level>
  <class>com.kms.katalon.core.logging.XmlKeywordLogger</class>
  <method>endKeyword</method>
  <thread>1</thread>
  <message>End action : response = sendRequest(findTestObject(\&amp;quot;ROC_Activity_END_WORK_DUMP_EXCEP/Roc_hogan_connector_activity_END_WORK_DUMP_EXCEP\&amp;quot;))</message>
  <nestedLevel>1</nestedLevel>
</record>
<record>
  <date>2019-06-24T12:14:53</date>
  <millis>1561358693183</millis>
  <sequence>14</sequence>
  <level>START</level>
  <class>com.kms.katalon.core.logging.XmlKeywordLogger</class>
  <method>startKeyword</method>
  <thread>1</thread>
  <message>Start action : verifyResponseStatusCode(response, 200)</message>
  <nestedLevel>1</nestedLevel>
  <property name="startLine">18</property>
  <property name="stepIndex">2</property>
</record>
<record>
  <date>2019-06-24T12:14:53</date>
  <millis>1561358693199</millis>
  <sequence>16</sequence>
  <level>PASSED</level>
  <class>com.kms.katalon.core.logging.XmlKeywordLogger</class>
  <method>logMessage</method>
  <thread>1</thread>
  <message>Verify response status code successfully</message>
  <nestedLevel>1</nestedLevel>
</record>
<record>
  <date>2019-06-24T12:14:53</date>
  <millis>1561358693200</millis>
  <sequence>17</sequence>
  <level>END</level>
  <class>com.kms.katalon.core.logging.XmlKeywordLogger</class>
  <method>endKeyword</method>
  <thread>1</thread>
  <message>End action : verifyResponseStatusCode(response, 200)</message>
  <nestedLevel>1</nestedLevel>
</record>
<record>
  <date>2019-06-24T12:14:53</date>
  <millis>1561358693201</millis>
  <sequence>18</sequence>
  <level>PASSED</level>
  <class>com.kms.katalon.core.logging.XmlKeywordLogger</class>
  <method>logMessage</method>
  <thread>1</thread>
  <message>Test Cases/ROC_Activity_END_WORK_DUMP_EXCEP/Roc_hogan_connector_activity_END_WORK_DUMP_EXCEP</message>
  <nestedLevel>1</nestedLevel>
</record>
<record>
  <date>2019-06-24T12:14:53</date>
  <millis>1561358693204</millis>
  <sequence>19</sequence>
  <level>END</level>
  <class>com.kms.katalon.core.logging.XmlKeywordLogger</class>
  <method>endTest</method>
  <thread>1</thread>
  <message>End Test Case : Test Cases/ROC_Activity_END_WORK_DUMP_EXCEP/Roc_hogan_connector_activity_END_WORK_DUMP_EXCEP</message>
  <nestedLevel>0</nestedLevel>
</record>
<record>
  <date>2019-06-24T12:14:53</date>
  <millis>1561358693295</millis>
  <sequence>20</sequence>
  <level>END</level>
  <class>com.kms.katalon.core.logging.XmlKeywordLogger</class>
  <method>endSuite</method>
  <thread>1</thread>
  <message>End Test Suite : Test Suites/ROC_Activity_END_WORK_DUMP_EXCEP</message>
  <nestedLevel>0</nestedLevel>
</record>
</log>