<?xml version="1.0" encoding="UTF-8" standalone="no"?>
<!DOCTYPE log SYSTEM "logger.dtd">
<log>
<record>
  <date>2019-06-24T09:20:29</date>
  <millis>1561348229596</millis>
  <sequence>0</sequence>
  <level>START</level>
  <class>com.kms.katalon.core.logging.XmlKeywordLogger</class>
  <method>startSuite</method>
  <thread>1</thread>
  <message>Start Test Suite : Test Suites/Roc_Activity_Link_34</message>
  <nestedLevel>0</nestedLevel>
  <property name="name">Roc_Activity_Link_34</property>
  <property name="description"></property>
  <property name="id">Test Suites/Roc_Activity_Link_34</property>
</record>
<record>
  <date>2019-06-24T09:20:29</date>
  <millis>1561348229625</millis>
  <sequence>1</sequence>
  <level>RUN_DATA</level>
  <class>com.kms.katalon.core.logging.XmlKeywordLogger</class>
  <method>logMessage</method>
  <thread>1</thread>
  <message>hostName = khaja.h - LP-5CD7465GP0.HCLT.CORP.HCL.IN</message>
  <nestedLevel>0</nestedLevel>
  <property name="hostName">khaja.h - LP-5CD7465GP0.HCLT.CORP.HCL.IN</property>
</record>
<record>
  <date>2019-06-24T09:20:29</date>
  <millis>1561348229626</millis>
  <sequence>2</sequence>
  <level>RUN_DATA</level>
  <class>com.kms.katalon.core.logging.XmlKeywordLogger</class>
  <method>logMessage</method>
  <thread>1</thread>
  <message>os = Windows 10 64bit</message>
  <nestedLevel>0</nestedLevel>
  <property name="os">Windows 10 64bit</property>
</record>
<record>
  <date>2019-06-24T09:20:29</date>
  <millis>1561348229629</millis>
  <sequence>3</sequence>
  <level>RUN_DATA</level>
  <class>com.kms.katalon.core.logging.XmlKeywordLogger</class>
  <method>logMessage</method>
  <thread>1</thread>
  <message>hostAddress = 172.23.0.1</message>
  <nestedLevel>0</nestedLevel>
  <property name="hostAddress">172.23.0.1</property>
</record>
<record>
  <date>2019-06-24T09:20:29</date>
  <millis>1561348229634</millis>
  <sequence>4</sequence>
  <level>RUN_DATA</level>
  <class>com.kms.katalon.core.logging.XmlKeywordLogger</class>
  <method>logMessage</method>
  <thread>1</thread>
  <message>katalonVersion = 5.10.1.1</message>
  <nestedLevel>0</nestedLevel>
  <property name="katalonVersion">5.10.1.1</property>
</record>
<record>
  <date>2019-06-24T09:20:29</date>
  <millis>1561348229995</millis>
  <sequence>5</sequence>
  <level>START</level>
  <class>com.kms.katalon.core.logging.XmlKeywordLogger</class>
  <method>startTest</method>
  <thread>1</thread>
  <message>Start Test Case : Test Cases/Roc_Activity_Link_34/Roc_hogan_connector_activity_Link_34</message>
  <nestedLevel>1</nestedLevel>
  <property name="name">Test Cases/Roc_Activity_Link_34/Roc_hogan_connector_activity_Link_34</property>
  <property name="description"></property>
  <property name="id">Test Cases/Roc_Activity_Link_34/Roc_hogan_connector_activity_Link_34</property>
  <property name="source">C:\\Users\\khaja.h\\Katalon Studio\\ADDI_Connect\\Test Cases\\Roc_Activity_Link_34\\Roc_hogan_connector_activity_Link_34.tc</property>
  <property name="isOptional">false</property>
</record>
<record>
  <date>2019-06-24T09:20:30</date>
  <millis>1561348230785</millis>
  <sequence>7</sequence>
  <level>START</level>
  <class>com.kms.katalon.core.logging.XmlKeywordLogger</class>
  <method>startKeyword</method>
  <thread>1</thread>
  <message>Start action : response = sendRequest(findTestObject(\&amp;quot;Roc_Activity_Link_34/Roc_hogan_connector_activity_Link_34\&amp;quot;))</message>
  <nestedLevel>1</nestedLevel>
  <property name="startLine">16</property>
  <property name="stepIndex">1</property>
</record>
<record>
  <date>2019-06-24T09:20:34</date>
  <millis>1561348234294</millis>
  <sequence>11</sequence>
  <level>INFO</level>
  <class>com.kms.katalon.core.logging.XmlKeywordLogger</class>
  <method>logMessage</method>
  <thread>1</thread>
  <message>HAR: C:\\Users\\khaja.h\\Katalon Studio\\ADDI_Connect\\Reports\\Roc_Activity_Link_34\\20190624_091849\\requests\\main\\0.har</message>
  <nestedLevel>1</nestedLevel>
  <property name="harId">6a5090a5-55e2-4c64-803e-8432804a19d0</property>
</record>
<record>
  <date>2019-06-24T09:20:34</date>
  <millis>1561348234635</millis>
  <sequence>12</sequence>
  <level>PASSED</level>
  <class>com.kms.katalon.core.logging.XmlKeywordLogger</class>
  <method>logMessage</method>
  <thread>1</thread>
  <message>Send request successfully</message>
  <nestedLevel>1</nestedLevel>
</record>
<record>
  <date>2019-06-24T09:20:34</date>
  <millis>1561348234638</millis>
  <sequence>13</sequence>
  <level>END</level>
  <class>com.kms.katalon.core.logging.XmlKeywordLogger</class>
  <method>endKeyword</method>
  <thread>1</thread>
  <message>End action : response = sendRequest(findTestObject(\&amp;quot;Roc_Activity_Link_34/Roc_hogan_connector_activity_Link_34\&amp;quot;))</message>
  <nestedLevel>1</nestedLevel>
</record>
<record>
  <date>2019-06-24T09:20:34</date>
  <millis>1561348234638</millis>
  <sequence>14</sequence>
  <level>START</level>
  <class>com.kms.katalon.core.logging.XmlKeywordLogger</class>
  <method>startKeyword</method>
  <thread>1</thread>
  <message>Start action : verifyResponseStatusCode(response, 200)</message>
  <nestedLevel>1</nestedLevel>
  <property name="startLine">18</property>
  <property name="stepIndex">2</property>
</record>
<record>
  <date>2019-06-24T09:20:34</date>
  <millis>1561348234724</millis>
  <sequence>16</sequence>
  <level>PASSED</level>
  <class>com.kms.katalon.core.logging.XmlKeywordLogger</class>
  <method>logMessage</method>
  <thread>1</thread>
  <message>Verify response status code successfully</message>
  <nestedLevel>1</nestedLevel>
</record>
<record>
  <date>2019-06-24T09:20:34</date>
  <millis>1561348234731</millis>
  <sequence>17</sequence>
  <level>END</level>
  <class>com.kms.katalon.core.logging.XmlKeywordLogger</class>
  <method>endKeyword</method>
  <thread>1</thread>
  <message>End action : verifyResponseStatusCode(response, 200)</message>
  <nestedLevel>1</nestedLevel>
</record>
<record>
  <date>2019-06-24T09:20:34</date>
  <millis>1561348234732</millis>
  <sequence>18</sequence>
  <level>START</level>
  <class>com.kms.katalon.core.logging.XmlKeywordLogger</class>
  <method>startKeyword</method>
  <thread>1</thread>
  <message>Start action : verifyElementPropertyValue(response, \&amp;quot;results[0].resolutions[0].action.\&amp;quot;, \&amp;quot;call\&amp;quot;)</message>
  <nestedLevel>1</nestedLevel>
  <property name="startLine">20</property>
  <property name="stepIndex">3</property>
</record>
<record>
  <date>2019-06-24T09:20:35</date>
  <millis>1561348235243</millis>
  <sequence>20</sequence>
  <level>PASSED</level>
  <class>com.kms.katalon.core.logging.XmlKeywordLogger</class>
  <method>logMessage</method>
  <thread>1</thread>
  <message>Verify element property value successfully</message>
  <nestedLevel>1</nestedLevel>
</record>
<record>
  <date>2019-06-24T09:20:35</date>
  <millis>1561348235246</millis>
  <sequence>21</sequence>
  <level>END</level>
  <class>com.kms.katalon.core.logging.XmlKeywordLogger</class>
  <method>endKeyword</method>
  <thread>1</thread>
  <message>End action : verifyElementPropertyValue(response, \&amp;quot;results[0].resolutions[0].action.\&amp;quot;, \&amp;quot;call\&amp;quot;)</message>
  <nestedLevel>1</nestedLevel>
</record>
<record>
  <date>2019-06-24T09:20:35</date>
  <millis>1561348235267</millis>
  <sequence>22</sequence>
  <level>START</level>
  <class>com.kms.katalon.core.logging.XmlKeywordLogger</class>
  <method>startKeyword</method>
  <thread>1</thread>
  <message>Start action : verifyElementPropertyValue(response, \&amp;quot;results[0].resolutions[0].target.annKeyword\&amp;quot;, \&amp;quot;ActivityID\&amp;quot;)</message>
  <nestedLevel>1</nestedLevel>
  <property name="startLine">22</property>
  <property name="stepIndex">4</property>
</record>
<record>
  <date>2019-06-24T09:20:35</date>
  <millis>1561348235422</millis>
  <sequence>24</sequence>
  <level>PASSED</level>
  <class>com.kms.katalon.core.logging.XmlKeywordLogger</class>
  <method>logMessage</method>
  <thread>1</thread>
  <message>Verify element property value successfully</message>
  <nestedLevel>1</nestedLevel>
</record>
<record>
  <date>2019-06-24T09:20:35</date>
  <millis>1561348235428</millis>
  <sequence>25</sequence>
  <level>END</level>
  <class>com.kms.katalon.core.logging.XmlKeywordLogger</class>
  <method>endKeyword</method>
  <thread>1</thread>
  <message>End action : verifyElementPropertyValue(response, \&amp;quot;results[0].resolutions[0].target.annKeyword\&amp;quot;, \&amp;quot;ActivityID\&amp;quot;)</message>
  <nestedLevel>1</nestedLevel>
</record>
<record>
  <date>2019-06-24T09:20:35</date>
  <millis>1561348235429</millis>
  <sequence>26</sequence>
  <level>START</level>
  <class>com.kms.katalon.core.logging.XmlKeywordLogger</class>
  <method>startKeyword</method>
  <thread>1</thread>
  <message>Start action : verifyElementPropertyValue(response, \&amp;quot;results[0].resolutions[0].target.read\&amp;quot;, \&amp;quot;true\&amp;quot;)</message>
  <nestedLevel>1</nestedLevel>
  <property name="startLine">24</property>
  <property name="stepIndex">5</property>
</record>
<record>
  <date>2019-06-24T09:20:35</date>
  <millis>1561348235525</millis>
  <sequence>28</sequence>
  <level>PASSED</level>
  <class>com.kms.katalon.core.logging.XmlKeywordLogger</class>
  <method>logMessage</method>
  <thread>1</thread>
  <message>Verify element property value successfully</message>
  <nestedLevel>1</nestedLevel>
</record>
<record>
  <date>2019-06-24T09:20:35</date>
  <millis>1561348235529</millis>
  <sequence>29</sequence>
  <level>END</level>
  <class>com.kms.katalon.core.logging.XmlKeywordLogger</class>
  <method>endKeyword</method>
  <thread>1</thread>
  <message>End action : verifyElementPropertyValue(response, \&amp;quot;results[0].resolutions[0].target.read\&amp;quot;, \&amp;quot;true\&amp;quot;)</message>
  <nestedLevel>1</nestedLevel>
</record>
<record>
  <date>2019-06-24T09:20:35</date>
  <millis>1561348235529</millis>
  <sequence>30</sequence>
  <level>START</level>
  <class>com.kms.katalon.core.logging.XmlKeywordLogger</class>
  <method>startKeyword</method>
  <thread>1</thread>
  <message>Start action : verifyElementPropertyValue(response, \&amp;quot;results[0].resolutions[0].target.value\&amp;quot;, \&amp;quot;P49135\&amp;quot;)</message>
  <nestedLevel>1</nestedLevel>
  <property name="startLine">28</property>
  <property name="stepIndex">6</property>
</record>
<record>
  <date>2019-06-24T09:20:35</date>
  <millis>1561348235575</millis>
  <sequence>32</sequence>
  <level>PASSED</level>
  <class>com.kms.katalon.core.logging.XmlKeywordLogger</class>
  <method>logMessage</method>
  <thread>1</thread>
  <message>Verify element property value successfully</message>
  <nestedLevel>1</nestedLevel>
</record>
<record>
  <date>2019-06-24T09:20:35</date>
  <millis>1561348235578</millis>
  <sequence>33</sequence>
  <level>END</level>
  <class>com.kms.katalon.core.logging.XmlKeywordLogger</class>
  <method>endKeyword</method>
  <thread>1</thread>
  <message>End action : verifyElementPropertyValue(response, \&amp;quot;results[0].resolutions[0].target.value\&amp;quot;, \&amp;quot;P49135\&amp;quot;)</message>
  <nestedLevel>1</nestedLevel>
</record>
<record>
  <date>2019-06-24T09:20:35</date>
  <millis>1561348235578</millis>
  <sequence>34</sequence>
  <level>START</level>
  <class>com.kms.katalon.core.logging.XmlKeywordLogger</class>
  <method>startKeyword</method>
  <thread>1</thread>
  <message>Start action : verifyElementPropertyValue(response, \&amp;quot;results[0].resolutions[0].target.resourceType\&amp;quot;, \&amp;quot;CobolProgram\&amp;quot;)</message>
  <nestedLevel>1</nestedLevel>
  <property name="startLine">30</property>
  <property name="stepIndex">7</property>
</record>
<record>
  <date>2019-06-24T09:20:35</date>
  <millis>1561348235627</millis>
  <sequence>36</sequence>
  <level>PASSED</level>
  <class>com.kms.katalon.core.logging.XmlKeywordLogger</class>
  <method>logMessage</method>
  <thread>1</thread>
  <message>Verify element property value successfully</message>
  <nestedLevel>1</nestedLevel>
</record>
<record>
  <date>2019-06-24T09:20:35</date>
  <millis>1561348235629</millis>
  <sequence>37</sequence>
  <level>END</level>
  <class>com.kms.katalon.core.logging.XmlKeywordLogger</class>
  <method>endKeyword</method>
  <thread>1</thread>
  <message>End action : verifyElementPropertyValue(response, \&amp;quot;results[0].resolutions[0].target.resourceType\&amp;quot;, \&amp;quot;CobolProgram\&amp;quot;)</message>
  <nestedLevel>1</nestedLevel>
</record>
<record>
  <date>2019-06-24T09:20:35</date>
  <millis>1561348235630</millis>
  <sequence>38</sequence>
  <level>START</level>
  <class>com.kms.katalon.core.logging.XmlKeywordLogger</class>
  <method>startKeyword</method>
  <thread>1</thread>
  <message>Start action : slurper = new groovy.json.JsonSlurper()</message>
  <nestedLevel>1</nestedLevel>
  <property name="startLine">34</property>
  <property name="stepIndex">8</property>
</record>
<record>
  <date>2019-06-24T09:20:35</date>
  <millis>1561348235640</millis>
  <sequence>39</sequence>
  <level>END</level>
  <class>com.kms.katalon.core.logging.XmlKeywordLogger</class>
  <method>endKeyword</method>
  <thread>1</thread>
  <message>End action : slurper = new groovy.json.JsonSlurper()</message>
  <nestedLevel>1</nestedLevel>
</record>
<record>
  <date>2019-06-24T09:20:35</date>
  <millis>1561348235643</millis>
  <sequence>40</sequence>
  <level>START</level>
  <class>com.kms.katalon.core.logging.XmlKeywordLogger</class>
  <method>startKeyword</method>
  <thread>1</thread>
  <message>Start action : result = slurper.parseText(response.getResponseBodyContent())</message>
  <nestedLevel>1</nestedLevel>
  <property name="startLine">36</property>
  <property name="stepIndex">9</property>
</record>
<record>
  <date>2019-06-24T09:20:35</date>
  <millis>1561348235655</millis>
  <sequence>41</sequence>
  <level>END</level>
  <class>com.kms.katalon.core.logging.XmlKeywordLogger</class>
  <method>endKeyword</method>
  <thread>1</thread>
  <message>End action : result = slurper.parseText(response.getResponseBodyContent())</message>
  <nestedLevel>1</nestedLevel>
</record>
<record>
  <date>2019-06-24T09:20:35</date>
  <millis>1561348235657</millis>
  <sequence>42</sequence>
  <level>START</level>
  <class>com.kms.katalon.core.logging.XmlKeywordLogger</class>
  <method>startKeyword</method>
  <thread>1</thread>
  <message>Start action : activityid = annText</message>
  <nestedLevel>1</nestedLevel>
  <property name="startLine">38</property>
  <property name="stepIndex">10</property>
</record>
<record>
  <date>2019-06-24T09:20:35</date>
  <millis>1561348235661</millis>
  <sequence>43</sequence>
  <level>END</level>
  <class>com.kms.katalon.core.logging.XmlKeywordLogger</class>
  <method>endKeyword</method>
  <thread>1</thread>
  <message>End action : activityid = annText</message>
  <nestedLevel>1</nestedLevel>
</record>
<record>
  <date>2019-06-24T09:20:35</date>
  <millis>1561348235661</millis>
  <sequence>44</sequence>
  <level>START</level>
  <class>com.kms.katalon.core.logging.XmlKeywordLogger</class>
  <method>startKeyword</method>
  <thread>1</thread>
  <message>Start action : println(\&amp;quot;activityid:- \&amp;quot; + activityid)</message>
  <nestedLevel>1</nestedLevel>
  <property name="startLine">40</property>
  <property name="stepIndex">11</property>
</record>
<record>
  <date>2019-06-24T09:20:35</date>
  <millis>1561348235668</millis>
  <sequence>45</sequence>
  <level>END</level>
  <class>com.kms.katalon.core.logging.XmlKeywordLogger</class>
  <method>endKeyword</method>
  <thread>1</thread>
  <message>End action : println(\&amp;quot;activityid:- \&amp;quot; + activityid)</message>
  <nestedLevel>1</nestedLevel>
</record>
<record>
  <date>2019-06-24T09:20:35</date>
  <millis>1561348235668</millis>
  <sequence>46</sequence>
  <level>START</level>
  <class>com.kms.katalon.core.logging.XmlKeywordLogger</class>
  <method>startKeyword</method>
  <thread>1</thread>
  <message>Start action : programeName = value</message>
  <nestedLevel>1</nestedLevel>
  <property name="startLine">42</property>
  <property name="stepIndex">12</property>
</record>
<record>
  <date>2019-06-24T09:20:35</date>
  <millis>1561348235684</millis>
  <sequence>47</sequence>
  <level>END</level>
  <class>com.kms.katalon.core.logging.XmlKeywordLogger</class>
  <method>endKeyword</method>
  <thread>1</thread>
  <message>End action : programeName = value</message>
  <nestedLevel>1</nestedLevel>
</record>
<record>
  <date>2019-06-24T09:20:35</date>
  <millis>1561348235685</millis>
  <sequence>48</sequence>
  <level>START</level>
  <class>com.kms.katalon.core.logging.XmlKeywordLogger</class>
  <method>startKeyword</method>
  <thread>1</thread>
  <message>Start action : activity_url = \&amp;quot;http://localhost:9090/hogan-connector/activity/0000000034\&amp;quot;</message>
  <nestedLevel>1</nestedLevel>
  <property name="startLine">44</property>
  <property name="stepIndex">13</property>
</record>
<record>
  <date>2019-06-24T09:20:35</date>
  <millis>1561348235687</millis>
  <sequence>49</sequence>
  <level>END</level>
  <class>com.kms.katalon.core.logging.XmlKeywordLogger</class>
  <method>endKeyword</method>
  <thread>1</thread>
  <message>End action : activity_url = \&amp;quot;http://localhost:9090/hogan-connector/activity/0000000034\&amp;quot;</message>
  <nestedLevel>1</nestedLevel>
</record>
<record>
  <date>2019-06-24T09:20:35</date>
  <millis>1561348235687</millis>
  <sequence>50</sequence>
  <level>START</level>
  <class>com.kms.katalon.core.logging.XmlKeywordLogger</class>
  <method>startKeyword</method>
  <thread>1</thread>
  <message>Start action : println(\&amp;quot;activity_url is :- \&amp;quot; + activity_url)</message>
  <nestedLevel>1</nestedLevel>
  <property name="startLine">47</property>
  <property name="stepIndex">14</property>
</record>
<record>
  <date>2019-06-24T09:20:35</date>
  <millis>1561348235691</millis>
  <sequence>51</sequence>
  <level>END</level>
  <class>com.kms.katalon.core.logging.XmlKeywordLogger</class>
  <method>endKeyword</method>
  <thread>1</thread>
  <message>End action : println(\&amp;quot;activity_url is :- \&amp;quot; + activity_url)</message>
  <nestedLevel>1</nestedLevel>
</record>
<record>
  <date>2019-06-24T09:20:35</date>
  <millis>1561348235692</millis>
  <sequence>52</sequence>
  <level>START</level>
  <class>com.kms.katalon.core.logging.XmlKeywordLogger</class>
  <method>startKeyword</method>
  <thread>1</thread>
  <message>Start action : callTestCase(findTestCase(\&amp;quot;Roc_Activity_Link_34/Activity_Controller_Verify_Response_34\&amp;quot;), [\&amp;quot;URLS\&amp;quot;:activity_url, \&amp;quot;P_Name\&amp;quot;:programeName], CONTINUE_ON_FAILURE)</message>
  <nestedLevel>1</nestedLevel>
  <property name="startLine">49</property>
  <property name="stepIndex">15</property>
</record>
<record>
  <date>2019-06-24T09:20:35</date>
  <millis>1561348235835</millis>
  <sequence>55</sequence>
  <level>START</level>
  <class>com.kms.katalon.core.logging.XmlKeywordLogger</class>
  <method>startTest</method>
  <thread>1</thread>
  <message>Start Test Case : Test Cases/Roc_Activity_Link_34/Activity_Controller_Verify_Response_34</message>
  <nestedLevel>2</nestedLevel>
  <property name="name">Test Cases/Roc_Activity_Link_34/Activity_Controller_Verify_Response_34</property>
  <property name="description"></property>
  <property name="id">Test Cases/Roc_Activity_Link_34/Activity_Controller_Verify_Response_34</property>
  <property name="source">C:\\Users\\khaja.h\\Katalon Studio\\ADDI_Connect\\Test Cases\\Roc_Activity_Link_34\\Activity_Controller_Verify_Response_34.tc</property>
  <property name="isOptional">false</property>
</record>
<record>
  <date>2019-06-24T09:20:36</date>
  <millis>1561348236422</millis>
  <sequence>57</sequence>
  <level>START</level>
  <class>com.kms.katalon.core.logging.XmlKeywordLogger</class>
  <method>startKeyword</method>
  <thread>1</thread>
  <message>Start action : response = sendRequest(findTestObject(\&amp;quot;Roc_Activity_Link_34/Activity_Controller_Verify_Response_34\&amp;quot;, [\&amp;quot;Activity_URL\&amp;quot;:URLS]))</message>
  <nestedLevel>1</nestedLevel>
  <property name="startLine">16</property>
  <property name="stepIndex">1</property>
</record>
<record>
  <date>2019-06-24T09:20:36</date>
  <millis>1561348236633</millis>
  <sequence>60</sequence>
  <level>INFO</level>
  <class>com.kms.katalon.core.logging.XmlKeywordLogger</class>
  <method>logMessage</method>
  <thread>1</thread>
  <message>HAR: C:\\Users\\khaja.h\\Katalon Studio\\ADDI_Connect\\Reports\\Roc_Activity_Link_34\\20190624_091849\\requests\\main\\1.har</message>
  <nestedLevel>2</nestedLevel>
  <property name="harId">e8ecc372-92d3-4b18-8667-4243e6c9f8cc</property>
</record>
<record>
  <date>2019-06-24T09:20:36</date>
  <millis>1561348236641</millis>
  <sequence>61</sequence>
  <level>PASSED</level>
  <class>com.kms.katalon.core.logging.XmlKeywordLogger</class>
  <method>logMessage</method>
  <thread>1</thread>
  <message>Send request successfully</message>
  <nestedLevel>2</nestedLevel>
</record>
<record>
  <date>2019-06-24T09:20:36</date>
  <millis>1561348236642</millis>
  <sequence>62</sequence>
  <level>END</level>
  <class>com.kms.katalon.core.logging.XmlKeywordLogger</class>
  <method>endKeyword</method>
  <thread>1</thread>
  <message>End action : response = sendRequest(findTestObject(\&amp;quot;Roc_Activity_Link_34/Activity_Controller_Verify_Response_34\&amp;quot;, [\&amp;quot;Activity_URL\&amp;quot;:URLS]))</message>
  <nestedLevel>1</nestedLevel>
</record>
<record>
  <date>2019-06-24T09:20:36</date>
  <millis>1561348236643</millis>
  <sequence>63</sequence>
  <level>START</level>
  <class>com.kms.katalon.core.logging.XmlKeywordLogger</class>
  <method>startKeyword</method>
  <thread>1</thread>
  <message>Start action : verifyResponseStatusCode(response, 200)</message>
  <nestedLevel>1</nestedLevel>
  <property name="startLine">18</property>
  <property name="stepIndex">2</property>
</record>
<record>
  <date>2019-06-24T09:20:36</date>
  <millis>1561348236645</millis>
  <sequence>65</sequence>
  <level>PASSED</level>
  <class>com.kms.katalon.core.logging.XmlKeywordLogger</class>
  <method>logMessage</method>
  <thread>1</thread>
  <message>Verify response status code successfully</message>
  <nestedLevel>2</nestedLevel>
</record>
<record>
  <date>2019-06-24T09:20:36</date>
  <millis>1561348236647</millis>
  <sequence>66</sequence>
  <level>END</level>
  <class>com.kms.katalon.core.logging.XmlKeywordLogger</class>
  <method>endKeyword</method>
  <thread>1</thread>
  <message>End action : verifyResponseStatusCode(response, 200)</message>
  <nestedLevel>1</nestedLevel>
</record>
<record>
  <date>2019-06-24T09:20:36</date>
  <millis>1561348236647</millis>
  <sequence>67</sequence>
  <level>START</level>
  <class>com.kms.katalon.core.logging.XmlKeywordLogger</class>
  <method>startKeyword</method>
  <thread>1</thread>
  <message>Start action : verifyElementPropertyValue(response, \&amp;quot;[0].programName\&amp;quot;, \&amp;quot;P49135\&amp;quot;)</message>
  <nestedLevel>1</nestedLevel>
  <property name="startLine">20</property>
  <property name="stepIndex">3</property>
</record>
<record>
  <date>2019-06-24T09:20:36</date>
  <millis>1561348236677</millis>
  <sequence>69</sequence>
  <level>PASSED</level>
  <class>com.kms.katalon.core.logging.XmlKeywordLogger</class>
  <method>logMessage</method>
  <thread>1</thread>
  <message>Verify element property value successfully</message>
  <nestedLevel>2</nestedLevel>
</record>
<record>
  <date>2019-06-24T09:20:36</date>
  <millis>1561348236678</millis>
  <sequence>70</sequence>
  <level>END</level>
  <class>com.kms.katalon.core.logging.XmlKeywordLogger</class>
  <method>endKeyword</method>
  <thread>1</thread>
  <message>End action : verifyElementPropertyValue(response, \&amp;quot;[0].programName\&amp;quot;, \&amp;quot;P49135\&amp;quot;)</message>
  <nestedLevel>1</nestedLevel>
</record>
<record>
  <date>2019-06-24T09:20:36</date>
  <millis>1561348236678</millis>
  <sequence>71</sequence>
  <level>START</level>
  <class>com.kms.katalon.core.logging.XmlKeywordLogger</class>
  <method>startKeyword</method>
  <thread>1</thread>
  <message>Start action : activity_pro_name = P_Name</message>
  <nestedLevel>1</nestedLevel>
  <property name="startLine">22</property>
  <property name="stepIndex">4</property>
</record>
<record>
  <date>2019-06-24T09:20:36</date>
  <millis>1561348236679</millis>
  <sequence>72</sequence>
  <level>END</level>
  <class>com.kms.katalon.core.logging.XmlKeywordLogger</class>
  <method>endKeyword</method>
  <thread>1</thread>
  <message>End action : activity_pro_name = P_Name</message>
  <nestedLevel>1</nestedLevel>
</record>
<record>
  <date>2019-06-24T09:20:36</date>
  <millis>1561348236680</millis>
  <sequence>73</sequence>
  <level>START</level>
  <class>com.kms.katalon.core.logging.XmlKeywordLogger</class>
  <method>startKeyword</method>
  <thread>1</thread>
  <message>Start action : slurper = new groovy.json.JsonSlurper()</message>
  <nestedLevel>1</nestedLevel>
  <property name="startLine">24</property>
  <property name="stepIndex">5</property>
</record>
<record>
  <date>2019-06-24T09:20:36</date>
  <millis>1561348236682</millis>
  <sequence>74</sequence>
  <level>END</level>
  <class>com.kms.katalon.core.logging.XmlKeywordLogger</class>
  <method>endKeyword</method>
  <thread>1</thread>
  <message>End action : slurper = new groovy.json.JsonSlurper()</message>
  <nestedLevel>1</nestedLevel>
</record>
<record>
  <date>2019-06-24T09:20:36</date>
  <millis>1561348236682</millis>
  <sequence>75</sequence>
  <level>START</level>
  <class>com.kms.katalon.core.logging.XmlKeywordLogger</class>
  <method>startKeyword</method>
  <thread>1</thread>
  <message>Start action : result = slurper.parseText(response.getResponseBodyContent())</message>
  <nestedLevel>1</nestedLevel>
  <property name="startLine">26</property>
  <property name="stepIndex">6</property>
</record>
<record>
  <date>2019-06-24T09:20:36</date>
  <millis>1561348236684</millis>
  <sequence>76</sequence>
  <level>END</level>
  <class>com.kms.katalon.core.logging.XmlKeywordLogger</class>
  <method>endKeyword</method>
  <thread>1</thread>
  <message>End action : result = slurper.parseText(response.getResponseBodyContent())</message>
  <nestedLevel>1</nestedLevel>
</record>
<record>
  <date>2019-06-24T09:20:36</date>
  <millis>1561348236685</millis>
  <sequence>77</sequence>
  <level>START</level>
  <class>com.kms.katalon.core.logging.XmlKeywordLogger</class>
  <method>startKeyword</method>
  <thread>1</thread>
  <message>Start action : programe_name = programName</message>
  <nestedLevel>1</nestedLevel>
  <property name="startLine">28</property>
  <property name="stepIndex">7</property>
</record>
<record>
  <date>2019-06-24T09:20:36</date>
  <millis>1561348236686</millis>
  <sequence>78</sequence>
  <level>END</level>
  <class>com.kms.katalon.core.logging.XmlKeywordLogger</class>
  <method>endKeyword</method>
  <thread>1</thread>
  <message>End action : programe_name = programName</message>
  <nestedLevel>1</nestedLevel>
</record>
<record>
  <date>2019-06-24T09:20:36</date>
  <millis>1561348236687</millis>
  <sequence>79</sequence>
  <level>START</level>
  <class>com.kms.katalon.core.logging.XmlKeywordLogger</class>
  <method>startKeyword</method>
  <thread>1</thread>
  <message>Start action : if (programe_name.equalsIgnoreCase(activity_pro_name))</message>
  <nestedLevel>1</nestedLevel>
  <property name="startLine">30</property>
  <property name="stepIndex">8</property>
</record>
<record>
  <date>2019-06-24T09:20:36</date>
  <millis>1561348236689</millis>
  <sequence>80</sequence>
  <level>START</level>
  <class>com.kms.katalon.core.logging.XmlKeywordLogger</class>
  <method>startKeyword</method>
  <thread>1</thread>
  <message>Start action : verifyElementPropertyValue(response, \&amp;quot;[0].activityType\&amp;quot;, \&amp;quot;LINK\&amp;quot;)</message>
  <nestedLevel>2</nestedLevel>
  <property name="startLine">32</property>
  <property name="stepIndex">1</property>
</record>
<record>
  <date>2019-06-24T09:20:36</date>
  <millis>1561348236718</millis>
  <sequence>82</sequence>
  <level>PASSED</level>
  <class>com.kms.katalon.core.logging.XmlKeywordLogger</class>
  <method>logMessage</method>
  <thread>1</thread>
  <message>Verify element property value successfully</message>
  <nestedLevel>2</nestedLevel>
</record>
<record>
  <date>2019-06-24T09:20:36</date>
  <millis>1561348236718</millis>
  <sequence>83</sequence>
  <level>END</level>
  <class>com.kms.katalon.core.logging.XmlKeywordLogger</class>
  <method>endKeyword</method>
  <thread>1</thread>
  <message>End action : verifyElementPropertyValue(response, \&amp;quot;[0].activityType\&amp;quot;, \&amp;quot;LINK\&amp;quot;)</message>
  <nestedLevel>2</nestedLevel>
</record>
<record>
  <date>2019-06-24T09:20:36</date>
  <millis>1561348236719</millis>
  <sequence>84</sequence>
  <level>END</level>
  <class>com.kms.katalon.core.logging.XmlKeywordLogger</class>
  <method>endKeyword</method>
  <thread>1</thread>
  <message>End action : if (programe_name.equalsIgnoreCase(activity_pro_name))</message>
  <nestedLevel>1</nestedLevel>
</record>
<record>
  <date>2019-06-24T09:20:36</date>
  <millis>1561348236720</millis>
  <sequence>85</sequence>
  <level>PASSED</level>
  <class>com.kms.katalon.core.logging.XmlKeywordLogger</class>
  <method>logMessage</method>
  <thread>1</thread>
  <message>Test Cases/Roc_Activity_Link_34/Activity_Controller_Verify_Response_34</message>
  <nestedLevel>2</nestedLevel>
</record>
<record>
  <date>2019-06-24T09:20:36</date>
  <millis>1561348236721</millis>
  <sequence>86</sequence>
  <level>END</level>
  <class>com.kms.katalon.core.logging.XmlKeywordLogger</class>
  <method>endTest</method>
  <thread>1</thread>
  <message>End Test Case : Test Cases/Roc_Activity_Link_34/Activity_Controller_Verify_Response_34</message>
  <nestedLevel>1</nestedLevel>
</record>
<record>
  <date>2019-06-24T09:20:36</date>
  <millis>1561348236730</millis>
  <sequence>87</sequence>
  <level>PASSED</level>
  <class>com.kms.katalon.core.logging.XmlKeywordLogger</class>
  <method>logMessage</method>
  <thread>1</thread>
  <message>Call Test Case &amp;apos;Test Cases/Roc_Activity_Link_34/Activity_Controller_Verify_Response_34&amp;apos; successfully</message>
  <nestedLevel>1</nestedLevel>
</record>
<record>
  <date>2019-06-24T09:20:36</date>
  <millis>1561348236730</millis>
  <sequence>88</sequence>
  <level>END</level>
  <class>com.kms.katalon.core.logging.XmlKeywordLogger</class>
  <method>endKeyword</method>
  <thread>1</thread>
  <message>End action : callTestCase(findTestCase(\&amp;quot;Roc_Activity_Link_34/Activity_Controller_Verify_Response_34\&amp;quot;), [\&amp;quot;URLS\&amp;quot;:activity_url, \&amp;quot;P_Name\&amp;quot;:programeName], CONTINUE_ON_FAILURE)</message>
  <nestedLevel>1</nestedLevel>
</record>
<record>
  <date>2019-06-24T09:20:36</date>
  <millis>1561348236731</millis>
  <sequence>89</sequence>
  <level>PASSED</level>
  <class>com.kms.katalon.core.logging.XmlKeywordLogger</class>
  <method>logMessage</method>
  <thread>1</thread>
  <message>Test Cases/Roc_Activity_Link_34/Roc_hogan_connector_activity_Link_34</message>
  <nestedLevel>1</nestedLevel>
</record>
<record>
  <date>2019-06-24T09:20:36</date>
  <millis>1561348236732</millis>
  <sequence>90</sequence>
  <level>END</level>
  <class>com.kms.katalon.core.logging.XmlKeywordLogger</class>
  <method>endTest</method>
  <thread>1</thread>
  <message>End Test Case : Test Cases/Roc_Activity_Link_34/Roc_hogan_connector_activity_Link_34</message>
  <nestedLevel>0</nestedLevel>
</record>
<record>
  <date>2019-06-24T09:20:36</date>
  <millis>1561348236813</millis>
  <sequence>91</sequence>
  <level>END</level>
  <class>com.kms.katalon.core.logging.XmlKeywordLogger</class>
  <method>endSuite</method>
  <thread>1</thread>
  <message>End Test Suite : Test Suites/Roc_Activity_Link_34</message>
  <nestedLevel>0</nestedLevel>
</record>
</log>