<?xml version="1.0" encoding="UTF-8" standalone="no"?>
<!DOCTYPE log SYSTEM "logger.dtd">
<log>
<record>
  <date>2019-06-21T09:59:51</date>
  <millis>1561091391684</millis>
  <sequence>0</sequence>
  <level>START</level>
  <class>com.kms.katalon.core.logging.XmlKeywordLogger</class>
  <method>startSuite</method>
  <thread>1</thread>
  <message>Start Test Suite : Test Suites/ROC_Activity_Sort_202</message>
  <nestedLevel>0</nestedLevel>
  <property name="name">ROC_Activity_Sort_202</property>
  <property name="description"></property>
  <property name="id">Test Suites/ROC_Activity_Sort_202</property>
</record>
<record>
  <date>2019-06-21T09:59:51</date>
  <millis>1561091391725</millis>
  <sequence>1</sequence>
  <level>RUN_DATA</level>
  <class>com.kms.katalon.core.logging.XmlKeywordLogger</class>
  <method>logMessage</method>
  <thread>1</thread>
  <message>hostName = khaja.h - LP-5CD7465GP0.HCLT.CORP.HCL.IN</message>
  <nestedLevel>0</nestedLevel>
  <property name="hostName">khaja.h - LP-5CD7465GP0.HCLT.CORP.HCL.IN</property>
</record>
<record>
  <date>2019-06-21T09:59:51</date>
  <millis>1561091391726</millis>
  <sequence>2</sequence>
  <level>RUN_DATA</level>
  <class>com.kms.katalon.core.logging.XmlKeywordLogger</class>
  <method>logMessage</method>
  <thread>1</thread>
  <message>os = Windows 10 64bit</message>
  <nestedLevel>0</nestedLevel>
  <property name="os">Windows 10 64bit</property>
</record>
<record>
  <date>2019-06-21T09:59:51</date>
  <millis>1561091391729</millis>
  <sequence>3</sequence>
  <level>RUN_DATA</level>
  <class>com.kms.katalon.core.logging.XmlKeywordLogger</class>
  <method>logMessage</method>
  <thread>1</thread>
  <message>hostAddress = 172.23.0.1</message>
  <nestedLevel>0</nestedLevel>
  <property name="hostAddress">172.23.0.1</property>
</record>
<record>
  <date>2019-06-21T09:59:51</date>
  <millis>1561091391737</millis>
  <sequence>4</sequence>
  <level>RUN_DATA</level>
  <class>com.kms.katalon.core.logging.XmlKeywordLogger</class>
  <method>logMessage</method>
  <thread>1</thread>
  <message>katalonVersion = 5.10.1.1</message>
  <nestedLevel>0</nestedLevel>
  <property name="katalonVersion">5.10.1.1</property>
</record>
<record>
  <date>2019-06-21T09:59:52</date>
  <millis>1561091392269</millis>
  <sequence>5</sequence>
  <level>START</level>
  <class>com.kms.katalon.core.logging.XmlKeywordLogger</class>
  <method>startTest</method>
  <thread>1</thread>
  <message>Start Test Case : Test Cases/ROC_Activity_Sort_202/Roc_hogan_connector_activity_Sort_202</message>
  <nestedLevel>1</nestedLevel>
  <property name="name">Test Cases/ROC_Activity_Sort_202/Roc_hogan_connector_activity_Sort_202</property>
  <property name="description"></property>
  <property name="id">Test Cases/ROC_Activity_Sort_202/Roc_hogan_connector_activity_Sort_202</property>
  <property name="source">C:\\Users\\khaja.h\\Katalon Studio\\ADDI_Connect\\Test Cases\\ROC_Activity_Sort_202\\Roc_hogan_connector_activity_Sort_202.tc</property>
  <property name="isOptional">false</property>
</record>
<record>
  <date>2019-06-21T09:59:53</date>
  <millis>1561091393183</millis>
  <sequence>7</sequence>
  <level>START</level>
  <class>com.kms.katalon.core.logging.XmlKeywordLogger</class>
  <method>startKeyword</method>
  <thread>1</thread>
  <message>Start action : response = sendRequest(findTestObject(\&amp;quot;ROC_Activity_Sort_202/Roc_hogan_connector_activity_Sort_202\&amp;quot;))</message>
  <nestedLevel>1</nestedLevel>
  <property name="startLine">16</property>
  <property name="stepIndex">1</property>
</record>
<record>
  <date>2019-06-21T09:59:56</date>
  <millis>1561091396985</millis>
  <sequence>11</sequence>
  <level>INFO</level>
  <class>com.kms.katalon.core.logging.XmlKeywordLogger</class>
  <method>logMessage</method>
  <thread>1</thread>
  <message>HAR: C:\\Users\\khaja.h\\Katalon Studio\\ADDI_Connect\\Reports\\ROC_Activity_Sort_202\\20190621_095739\\requests\\main\\0.har</message>
  <nestedLevel>1</nestedLevel>
  <property name="harId">f2b3471c-196f-415a-a3ce-0b146ede334d</property>
</record>
<record>
  <date>2019-06-21T09:59:57</date>
  <millis>1561091397148</millis>
  <sequence>12</sequence>
  <level>PASSED</level>
  <class>com.kms.katalon.core.logging.XmlKeywordLogger</class>
  <method>logMessage</method>
  <thread>1</thread>
  <message>Send request successfully</message>
  <nestedLevel>1</nestedLevel>
</record>
<record>
  <date>2019-06-21T09:59:57</date>
  <millis>1561091397150</millis>
  <sequence>13</sequence>
  <level>END</level>
  <class>com.kms.katalon.core.logging.XmlKeywordLogger</class>
  <method>endKeyword</method>
  <thread>1</thread>
  <message>End action : response = sendRequest(findTestObject(\&amp;quot;ROC_Activity_Sort_202/Roc_hogan_connector_activity_Sort_202\&amp;quot;))</message>
  <nestedLevel>1</nestedLevel>
</record>
<record>
  <date>2019-06-21T09:59:57</date>
  <millis>1561091397152</millis>
  <sequence>14</sequence>
  <level>START</level>
  <class>com.kms.katalon.core.logging.XmlKeywordLogger</class>
  <method>startKeyword</method>
  <thread>1</thread>
  <message>Start action : verifyResponseStatusCode(response, 200)</message>
  <nestedLevel>1</nestedLevel>
  <property name="startLine">18</property>
  <property name="stepIndex">2</property>
</record>
<record>
  <date>2019-06-21T09:59:57</date>
  <millis>1561091397205</millis>
  <sequence>16</sequence>
  <level>PASSED</level>
  <class>com.kms.katalon.core.logging.XmlKeywordLogger</class>
  <method>logMessage</method>
  <thread>1</thread>
  <message>Verify response status code successfully</message>
  <nestedLevel>1</nestedLevel>
</record>
<record>
  <date>2019-06-21T09:59:57</date>
  <millis>1561091397207</millis>
  <sequence>17</sequence>
  <level>END</level>
  <class>com.kms.katalon.core.logging.XmlKeywordLogger</class>
  <method>endKeyword</method>
  <thread>1</thread>
  <message>End action : verifyResponseStatusCode(response, 200)</message>
  <nestedLevel>1</nestedLevel>
</record>
<record>
  <date>2019-06-21T09:59:57</date>
  <millis>1561091397210</millis>
  <sequence>18</sequence>
  <level>START</level>
  <class>com.kms.katalon.core.logging.XmlKeywordLogger</class>
  <method>startKeyword</method>
  <thread>1</thread>
  <message>Start action : verifyElementPropertyValue(response, \&amp;quot;results[0].resolutions[0].action\&amp;quot;, \&amp;quot;call\&amp;quot;)</message>
  <nestedLevel>1</nestedLevel>
  <property name="startLine">20</property>
  <property name="stepIndex">3</property>
</record>
<record>
  <date>2019-06-21T09:59:57</date>
  <millis>1561091397331</millis>
  <sequence>20</sequence>
  <level>PASSED</level>
  <class>com.kms.katalon.core.logging.XmlKeywordLogger</class>
  <method>logMessage</method>
  <thread>1</thread>
  <message>Verify element property value successfully</message>
  <nestedLevel>1</nestedLevel>
</record>
<record>
  <date>2019-06-21T09:59:57</date>
  <millis>1561091397333</millis>
  <sequence>21</sequence>
  <level>END</level>
  <class>com.kms.katalon.core.logging.XmlKeywordLogger</class>
  <method>endKeyword</method>
  <thread>1</thread>
  <message>End action : verifyElementPropertyValue(response, \&amp;quot;results[0].resolutions[0].action\&amp;quot;, \&amp;quot;call\&amp;quot;)</message>
  <nestedLevel>1</nestedLevel>
</record>
<record>
  <date>2019-06-21T09:59:57</date>
  <millis>1561091397335</millis>
  <sequence>22</sequence>
  <level>START</level>
  <class>com.kms.katalon.core.logging.XmlKeywordLogger</class>
  <method>startKeyword</method>
  <thread>1</thread>
  <message>Start action : verifyElementPropertyValue(response, \&amp;quot;results[0].resolutions[0].target.annKeyword\&amp;quot;, \&amp;quot;ActivityID\&amp;quot;)</message>
  <nestedLevel>1</nestedLevel>
  <property name="startLine">22</property>
  <property name="stepIndex">4</property>
</record>
<record>
  <date>2019-06-21T09:59:57</date>
  <millis>1561091397398</millis>
  <sequence>24</sequence>
  <level>PASSED</level>
  <class>com.kms.katalon.core.logging.XmlKeywordLogger</class>
  <method>logMessage</method>
  <thread>1</thread>
  <message>Verify element property value successfully</message>
  <nestedLevel>1</nestedLevel>
</record>
<record>
  <date>2019-06-21T09:59:57</date>
  <millis>1561091397399</millis>
  <sequence>25</sequence>
  <level>END</level>
  <class>com.kms.katalon.core.logging.XmlKeywordLogger</class>
  <method>endKeyword</method>
  <thread>1</thread>
  <message>End action : verifyElementPropertyValue(response, \&amp;quot;results[0].resolutions[0].target.annKeyword\&amp;quot;, \&amp;quot;ActivityID\&amp;quot;)</message>
  <nestedLevel>1</nestedLevel>
</record>
<record>
  <date>2019-06-21T09:59:57</date>
  <millis>1561091397404</millis>
  <sequence>26</sequence>
  <level>START</level>
  <class>com.kms.katalon.core.logging.XmlKeywordLogger</class>
  <method>startKeyword</method>
  <thread>1</thread>
  <message>Start action : verifyElementPropertyValue(response, \&amp;quot;results[0].resolutions[0].target.read\&amp;quot;, \&amp;quot;true\&amp;quot;)</message>
  <nestedLevel>1</nestedLevel>
  <property name="startLine">24</property>
  <property name="stepIndex">5</property>
</record>
<record>
  <date>2019-06-21T09:59:57</date>
  <millis>1561091397455</millis>
  <sequence>28</sequence>
  <level>PASSED</level>
  <class>com.kms.katalon.core.logging.XmlKeywordLogger</class>
  <method>logMessage</method>
  <thread>1</thread>
  <message>Verify element property value successfully</message>
  <nestedLevel>1</nestedLevel>
</record>
<record>
  <date>2019-06-21T09:59:57</date>
  <millis>1561091397457</millis>
  <sequence>29</sequence>
  <level>END</level>
  <class>com.kms.katalon.core.logging.XmlKeywordLogger</class>
  <method>endKeyword</method>
  <thread>1</thread>
  <message>End action : verifyElementPropertyValue(response, \&amp;quot;results[0].resolutions[0].target.read\&amp;quot;, \&amp;quot;true\&amp;quot;)</message>
  <nestedLevel>1</nestedLevel>
</record>
<record>
  <date>2019-06-21T09:59:57</date>
  <millis>1561091397457</millis>
  <sequence>30</sequence>
  <level>START</level>
  <class>com.kms.katalon.core.logging.XmlKeywordLogger</class>
  <method>startKeyword</method>
  <thread>1</thread>
  <message>Start action : verifyElementPropertyValue(response, \&amp;quot;results[0].resolutions[0].target.value\&amp;quot;, \&amp;quot;0000000202\&amp;quot;)</message>
  <nestedLevel>1</nestedLevel>
  <property name="startLine">28</property>
  <property name="stepIndex">6</property>
</record>
<record>
  <date>2019-06-21T09:59:57</date>
  <millis>1561091397512</millis>
  <sequence>32</sequence>
  <level>PASSED</level>
  <class>com.kms.katalon.core.logging.XmlKeywordLogger</class>
  <method>logMessage</method>
  <thread>1</thread>
  <message>Verify element property value successfully</message>
  <nestedLevel>1</nestedLevel>
</record>
<record>
  <date>2019-06-21T09:59:57</date>
  <millis>1561091397515</millis>
  <sequence>33</sequence>
  <level>END</level>
  <class>com.kms.katalon.core.logging.XmlKeywordLogger</class>
  <method>endKeyword</method>
  <thread>1</thread>
  <message>End action : verifyElementPropertyValue(response, \&amp;quot;results[0].resolutions[0].target.value\&amp;quot;, \&amp;quot;0000000202\&amp;quot;)</message>
  <nestedLevel>1</nestedLevel>
</record>
<record>
  <date>2019-06-21T09:59:57</date>
  <millis>1561091397517</millis>
  <sequence>34</sequence>
  <level>START</level>
  <class>com.kms.katalon.core.logging.XmlKeywordLogger</class>
  <method>startKeyword</method>
  <thread>1</thread>
  <message>Start action : verifyElementPropertyValue(response, \&amp;quot;results[0].resolutions[0].target.resourceType\&amp;quot;, \&amp;quot;SORT\&amp;quot;)</message>
  <nestedLevel>1</nestedLevel>
  <property name="startLine">30</property>
  <property name="stepIndex">7</property>
</record>
<record>
  <date>2019-06-21T09:59:57</date>
  <millis>1561091397563</millis>
  <sequence>36</sequence>
  <level>PASSED</level>
  <class>com.kms.katalon.core.logging.XmlKeywordLogger</class>
  <method>logMessage</method>
  <thread>1</thread>
  <message>Verify element property value successfully</message>
  <nestedLevel>1</nestedLevel>
</record>
<record>
  <date>2019-06-21T09:59:57</date>
  <millis>1561091397565</millis>
  <sequence>37</sequence>
  <level>END</level>
  <class>com.kms.katalon.core.logging.XmlKeywordLogger</class>
  <method>endKeyword</method>
  <thread>1</thread>
  <message>End action : verifyElementPropertyValue(response, \&amp;quot;results[0].resolutions[0].target.resourceType\&amp;quot;, \&amp;quot;SORT\&amp;quot;)</message>
  <nestedLevel>1</nestedLevel>
</record>
<record>
  <date>2019-06-21T09:59:57</date>
  <millis>1561091397566</millis>
  <sequence>38</sequence>
  <level>START</level>
  <class>com.kms.katalon.core.logging.XmlKeywordLogger</class>
  <method>startKeyword</method>
  <thread>1</thread>
  <message>Start action : slurper = new groovy.json.JsonSlurper()</message>
  <nestedLevel>1</nestedLevel>
  <property name="startLine">32</property>
  <property name="stepIndex">8</property>
</record>
<record>
  <date>2019-06-21T09:59:57</date>
  <millis>1561091397569</millis>
  <sequence>39</sequence>
  <level>END</level>
  <class>com.kms.katalon.core.logging.XmlKeywordLogger</class>
  <method>endKeyword</method>
  <thread>1</thread>
  <message>End action : slurper = new groovy.json.JsonSlurper()</message>
  <nestedLevel>1</nestedLevel>
</record>
<record>
  <date>2019-06-21T09:59:57</date>
  <millis>1561091397570</millis>
  <sequence>40</sequence>
  <level>START</level>
  <class>com.kms.katalon.core.logging.XmlKeywordLogger</class>
  <method>startKeyword</method>
  <thread>1</thread>
  <message>Start action : result = slurper.parseText(response.getResponseBodyContent())</message>
  <nestedLevel>1</nestedLevel>
  <property name="startLine">34</property>
  <property name="stepIndex">9</property>
</record>
<record>
  <date>2019-06-21T09:59:57</date>
  <millis>1561091397587</millis>
  <sequence>41</sequence>
  <level>END</level>
  <class>com.kms.katalon.core.logging.XmlKeywordLogger</class>
  <method>endKeyword</method>
  <thread>1</thread>
  <message>End action : result = slurper.parseText(response.getResponseBodyContent())</message>
  <nestedLevel>1</nestedLevel>
</record>
<record>
  <date>2019-06-21T09:59:57</date>
  <millis>1561091397588</millis>
  <sequence>42</sequence>
  <level>START</level>
  <class>com.kms.katalon.core.logging.XmlKeywordLogger</class>
  <method>startKeyword</method>
  <thread>1</thread>
  <message>Start action : activityid = annText</message>
  <nestedLevel>1</nestedLevel>
  <property name="startLine">36</property>
  <property name="stepIndex">10</property>
</record>
<record>
  <date>2019-06-21T09:59:57</date>
  <millis>1561091397592</millis>
  <sequence>43</sequence>
  <level>END</level>
  <class>com.kms.katalon.core.logging.XmlKeywordLogger</class>
  <method>endKeyword</method>
  <thread>1</thread>
  <message>End action : activityid = annText</message>
  <nestedLevel>1</nestedLevel>
</record>
<record>
  <date>2019-06-21T09:59:57</date>
  <millis>1561091397593</millis>
  <sequence>44</sequence>
  <level>START</level>
  <class>com.kms.katalon.core.logging.XmlKeywordLogger</class>
  <method>startKeyword</method>
  <thread>1</thread>
  <message>Start action : println(\&amp;quot;activityid:- \&amp;quot; + activityid)</message>
  <nestedLevel>1</nestedLevel>
  <property name="startLine">38</property>
  <property name="stepIndex">11</property>
</record>
<record>
  <date>2019-06-21T09:59:57</date>
  <millis>1561091397603</millis>
  <sequence>45</sequence>
  <level>END</level>
  <class>com.kms.katalon.core.logging.XmlKeywordLogger</class>
  <method>endKeyword</method>
  <thread>1</thread>
  <message>End action : println(\&amp;quot;activityid:- \&amp;quot; + activityid)</message>
  <nestedLevel>1</nestedLevel>
</record>
<record>
  <date>2019-06-21T09:59:57</date>
  <millis>1561091397604</millis>
  <sequence>46</sequence>
  <level>START</level>
  <class>com.kms.katalon.core.logging.XmlKeywordLogger</class>
  <method>startKeyword</method>
  <thread>1</thread>
  <message>Start action : activity_id = value</message>
  <nestedLevel>1</nestedLevel>
  <property name="startLine">40</property>
  <property name="stepIndex">12</property>
</record>
<record>
  <date>2019-06-21T09:59:57</date>
  <millis>1561091397606</millis>
  <sequence>47</sequence>
  <level>END</level>
  <class>com.kms.katalon.core.logging.XmlKeywordLogger</class>
  <method>endKeyword</method>
  <thread>1</thread>
  <message>End action : activity_id = value</message>
  <nestedLevel>1</nestedLevel>
</record>
<record>
  <date>2019-06-21T09:59:57</date>
  <millis>1561091397607</millis>
  <sequence>48</sequence>
  <level>START</level>
  <class>com.kms.katalon.core.logging.XmlKeywordLogger</class>
  <method>startKeyword</method>
  <thread>1</thread>
  <message>Start action : activity_url = \&amp;quot;http://localhost:9090/hogan-connector/activity/0000000202\&amp;quot;</message>
  <nestedLevel>1</nestedLevel>
  <property name="startLine">42</property>
  <property name="stepIndex">13</property>
</record>
<record>
  <date>2019-06-21T09:59:57</date>
  <millis>1561091397612</millis>
  <sequence>49</sequence>
  <level>END</level>
  <class>com.kms.katalon.core.logging.XmlKeywordLogger</class>
  <method>endKeyword</method>
  <thread>1</thread>
  <message>End action : activity_url = \&amp;quot;http://localhost:9090/hogan-connector/activity/0000000202\&amp;quot;</message>
  <nestedLevel>1</nestedLevel>
</record>
<record>
  <date>2019-06-21T09:59:57</date>
  <millis>1561091397613</millis>
  <sequence>50</sequence>
  <level>START</level>
  <class>com.kms.katalon.core.logging.XmlKeywordLogger</class>
  <method>startKeyword</method>
  <thread>1</thread>
  <message>Start action : println(\&amp;quot;activity_url is :- \&amp;quot; + activity_url)</message>
  <nestedLevel>1</nestedLevel>
  <property name="startLine">45</property>
  <property name="stepIndex">14</property>
</record>
<record>
  <date>2019-06-21T09:59:57</date>
  <millis>1561091397615</millis>
  <sequence>51</sequence>
  <level>END</level>
  <class>com.kms.katalon.core.logging.XmlKeywordLogger</class>
  <method>endKeyword</method>
  <thread>1</thread>
  <message>End action : println(\&amp;quot;activity_url is :- \&amp;quot; + activity_url)</message>
  <nestedLevel>1</nestedLevel>
</record>
<record>
  <date>2019-06-21T09:59:57</date>
  <millis>1561091397617</millis>
  <sequence>52</sequence>
  <level>START</level>
  <class>com.kms.katalon.core.logging.XmlKeywordLogger</class>
  <method>startKeyword</method>
  <thread>1</thread>
  <message>Start action : callTestCase(findTestCase(\&amp;quot;ROC_Activity_Sort_202/Activity_Controller_Verify_Response_202\&amp;quot;), [\&amp;quot;URLS\&amp;quot;:activity_url, \&amp;quot;Activity_Id\&amp;quot;:activity_id], CONTINUE_ON_FAILURE)</message>
  <nestedLevel>1</nestedLevel>
  <property name="startLine">47</property>
  <property name="stepIndex">15</property>
</record>
<record>
  <date>2019-06-21T09:59:57</date>
  <millis>1561091397788</millis>
  <sequence>55</sequence>
  <level>START</level>
  <class>com.kms.katalon.core.logging.XmlKeywordLogger</class>
  <method>startTest</method>
  <thread>1</thread>
  <message>Start Test Case : Test Cases/ROC_Activity_Sort_202/Activity_Controller_Verify_Response_202</message>
  <nestedLevel>2</nestedLevel>
  <property name="name">Test Cases/ROC_Activity_Sort_202/Activity_Controller_Verify_Response_202</property>
  <property name="description"></property>
  <property name="id">Test Cases/ROC_Activity_Sort_202/Activity_Controller_Verify_Response_202</property>
  <property name="source">C:\\Users\\khaja.h\\Katalon Studio\\ADDI_Connect\\Test Cases\\ROC_Activity_Sort_202\\Activity_Controller_Verify_Response_202.tc</property>
  <property name="isOptional">false</property>
</record>
<record>
  <date>2019-06-21T09:59:58</date>
  <millis>1561091398400</millis>
  <sequence>57</sequence>
  <level>START</level>
  <class>com.kms.katalon.core.logging.XmlKeywordLogger</class>
  <method>startKeyword</method>
  <thread>1</thread>
  <message>Start action : response = sendRequest(findTestObject(\&amp;quot;ROC_Activity_Sort_202/Activity_Controller_Verify_Response_202\&amp;quot;, [\&amp;quot;Activity_URL\&amp;quot;:URLS]))</message>
  <nestedLevel>1</nestedLevel>
  <property name="startLine">16</property>
  <property name="stepIndex">1</property>
</record>
<record>
  <date>2019-06-21T09:59:58</date>
  <millis>1561091398605</millis>
  <sequence>60</sequence>
  <level>INFO</level>
  <class>com.kms.katalon.core.logging.XmlKeywordLogger</class>
  <method>logMessage</method>
  <thread>1</thread>
  <message>HAR: C:\\Users\\khaja.h\\Katalon Studio\\ADDI_Connect\\Reports\\ROC_Activity_Sort_202\\20190621_095739\\requests\\main\\1.har</message>
  <nestedLevel>2</nestedLevel>
  <property name="harId">40134ea3-ea5a-491a-9128-bb6ade1d57f7</property>
</record>
<record>
  <date>2019-06-21T09:59:58</date>
  <millis>1561091398612</millis>
  <sequence>61</sequence>
  <level>PASSED</level>
  <class>com.kms.katalon.core.logging.XmlKeywordLogger</class>
  <method>logMessage</method>
  <thread>1</thread>
  <message>Send request successfully</message>
  <nestedLevel>2</nestedLevel>
</record>
<record>
  <date>2019-06-21T09:59:58</date>
  <millis>1561091398613</millis>
  <sequence>62</sequence>
  <level>END</level>
  <class>com.kms.katalon.core.logging.XmlKeywordLogger</class>
  <method>endKeyword</method>
  <thread>1</thread>
  <message>End action : response = sendRequest(findTestObject(\&amp;quot;ROC_Activity_Sort_202/Activity_Controller_Verify_Response_202\&amp;quot;, [\&amp;quot;Activity_URL\&amp;quot;:URLS]))</message>
  <nestedLevel>1</nestedLevel>
</record>
<record>
  <date>2019-06-21T09:59:58</date>
  <millis>1561091398613</millis>
  <sequence>63</sequence>
  <level>START</level>
  <class>com.kms.katalon.core.logging.XmlKeywordLogger</class>
  <method>startKeyword</method>
  <thread>1</thread>
  <message>Start action : verifyResponseStatusCode(response, 200)</message>
  <nestedLevel>1</nestedLevel>
  <property name="startLine">18</property>
  <property name="stepIndex">2</property>
</record>
<record>
  <date>2019-06-21T09:59:58</date>
  <millis>1561091398615</millis>
  <sequence>65</sequence>
  <level>PASSED</level>
  <class>com.kms.katalon.core.logging.XmlKeywordLogger</class>
  <method>logMessage</method>
  <thread>1</thread>
  <message>Verify response status code successfully</message>
  <nestedLevel>2</nestedLevel>
</record>
<record>
  <date>2019-06-21T09:59:58</date>
  <millis>1561091398618</millis>
  <sequence>66</sequence>
  <level>END</level>
  <class>com.kms.katalon.core.logging.XmlKeywordLogger</class>
  <method>endKeyword</method>
  <thread>1</thread>
  <message>End action : verifyResponseStatusCode(response, 200)</message>
  <nestedLevel>1</nestedLevel>
</record>
<record>
  <date>2019-06-21T09:59:58</date>
  <millis>1561091398618</millis>
  <sequence>67</sequence>
  <level>START</level>
  <class>com.kms.katalon.core.logging.XmlKeywordLogger</class>
  <method>startKeyword</method>
  <thread>1</thread>
  <message>Start action : verifyElementPropertyValue(response, \&amp;quot;[0].activityId\&amp;quot;, \&amp;quot;0000000202\&amp;quot;)</message>
  <nestedLevel>1</nestedLevel>
  <property name="startLine">20</property>
  <property name="stepIndex">3</property>
</record>
<record>
  <date>2019-06-21T09:59:58</date>
  <millis>1561091398662</millis>
  <sequence>69</sequence>
  <level>PASSED</level>
  <class>com.kms.katalon.core.logging.XmlKeywordLogger</class>
  <method>logMessage</method>
  <thread>1</thread>
  <message>Verify element property value successfully</message>
  <nestedLevel>2</nestedLevel>
</record>
<record>
  <date>2019-06-21T09:59:58</date>
  <millis>1561091398663</millis>
  <sequence>70</sequence>
  <level>END</level>
  <class>com.kms.katalon.core.logging.XmlKeywordLogger</class>
  <method>endKeyword</method>
  <thread>1</thread>
  <message>End action : verifyElementPropertyValue(response, \&amp;quot;[0].activityId\&amp;quot;, \&amp;quot;0000000202\&amp;quot;)</message>
  <nestedLevel>1</nestedLevel>
</record>
<record>
  <date>2019-06-21T09:59:58</date>
  <millis>1561091398663</millis>
  <sequence>71</sequence>
  <level>START</level>
  <class>com.kms.katalon.core.logging.XmlKeywordLogger</class>
  <method>startKeyword</method>
  <thread>1</thread>
  <message>Start action : ActivityID = Activity_Id</message>
  <nestedLevel>1</nestedLevel>
  <property name="startLine">22</property>
  <property name="stepIndex">4</property>
</record>
<record>
  <date>2019-06-21T09:59:58</date>
  <millis>1561091398679</millis>
  <sequence>72</sequence>
  <level>END</level>
  <class>com.kms.katalon.core.logging.XmlKeywordLogger</class>
  <method>endKeyword</method>
  <thread>1</thread>
  <message>End action : ActivityID = Activity_Id</message>
  <nestedLevel>1</nestedLevel>
</record>
<record>
  <date>2019-06-21T09:59:58</date>
  <millis>1561091398680</millis>
  <sequence>73</sequence>
  <level>START</level>
  <class>com.kms.katalon.core.logging.XmlKeywordLogger</class>
  <method>startKeyword</method>
  <thread>1</thread>
  <message>Start action : slurper = new groovy.json.JsonSlurper()</message>
  <nestedLevel>1</nestedLevel>
  <property name="startLine">24</property>
  <property name="stepIndex">5</property>
</record>
<record>
  <date>2019-06-21T09:59:58</date>
  <millis>1561091398682</millis>
  <sequence>74</sequence>
  <level>END</level>
  <class>com.kms.katalon.core.logging.XmlKeywordLogger</class>
  <method>endKeyword</method>
  <thread>1</thread>
  <message>End action : slurper = new groovy.json.JsonSlurper()</message>
  <nestedLevel>1</nestedLevel>
</record>
<record>
  <date>2019-06-21T09:59:58</date>
  <millis>1561091398682</millis>
  <sequence>75</sequence>
  <level>START</level>
  <class>com.kms.katalon.core.logging.XmlKeywordLogger</class>
  <method>startKeyword</method>
  <thread>1</thread>
  <message>Start action : result = slurper.parseText(response.getResponseBodyContent())</message>
  <nestedLevel>1</nestedLevel>
  <property name="startLine">26</property>
  <property name="stepIndex">6</property>
</record>
<record>
  <date>2019-06-21T09:59:58</date>
  <millis>1561091398685</millis>
  <sequence>76</sequence>
  <level>END</level>
  <class>com.kms.katalon.core.logging.XmlKeywordLogger</class>
  <method>endKeyword</method>
  <thread>1</thread>
  <message>End action : result = slurper.parseText(response.getResponseBodyContent())</message>
  <nestedLevel>1</nestedLevel>
</record>
<record>
  <date>2019-06-21T09:59:58</date>
  <millis>1561091398686</millis>
  <sequence>77</sequence>
  <level>START</level>
  <class>com.kms.katalon.core.logging.XmlKeywordLogger</class>
  <method>startKeyword</method>
  <thread>1</thread>
  <message>Start action : Activity_ID = activityId</message>
  <nestedLevel>1</nestedLevel>
  <property name="startLine">28</property>
  <property name="stepIndex">7</property>
</record>
<record>
  <date>2019-06-21T09:59:58</date>
  <millis>1561091398687</millis>
  <sequence>78</sequence>
  <level>END</level>
  <class>com.kms.katalon.core.logging.XmlKeywordLogger</class>
  <method>endKeyword</method>
  <thread>1</thread>
  <message>End action : Activity_ID = activityId</message>
  <nestedLevel>1</nestedLevel>
</record>
<record>
  <date>2019-06-21T09:59:58</date>
  <millis>1561091398688</millis>
  <sequence>79</sequence>
  <level>START</level>
  <class>com.kms.katalon.core.logging.XmlKeywordLogger</class>
  <method>startKeyword</method>
  <thread>1</thread>
  <message>Start action : dglist = listADG</message>
  <nestedLevel>1</nestedLevel>
  <property name="startLine">30</property>
  <property name="stepIndex">8</property>
</record>
<record>
  <date>2019-06-21T09:59:58</date>
  <millis>1561091398696</millis>
  <sequence>80</sequence>
  <level>END</level>
  <class>com.kms.katalon.core.logging.XmlKeywordLogger</class>
  <method>endKeyword</method>
  <thread>1</thread>
  <message>End action : dglist = listADG</message>
  <nestedLevel>1</nestedLevel>
</record>
<record>
  <date>2019-06-21T09:59:58</date>
  <millis>1561091398696</millis>
  <sequence>81</sequence>
  <level>START</level>
  <class>com.kms.katalon.core.logging.XmlKeywordLogger</class>
  <method>startKeyword</method>
  <thread>1</thread>
  <message>Start action : println(dglist)</message>
  <nestedLevel>1</nestedLevel>
  <property name="startLine">32</property>
  <property name="stepIndex">9</property>
</record>
<record>
  <date>2019-06-21T09:59:58</date>
  <millis>1561091398699</millis>
  <sequence>82</sequence>
  <level>END</level>
  <class>com.kms.katalon.core.logging.XmlKeywordLogger</class>
  <method>endKeyword</method>
  <thread>1</thread>
  <message>End action : println(dglist)</message>
  <nestedLevel>1</nestedLevel>
</record>
<record>
  <date>2019-06-21T09:59:58</date>
  <millis>1561091398699</millis>
  <sequence>83</sequence>
  <level>START</level>
  <class>com.kms.katalon.core.logging.XmlKeywordLogger</class>
  <method>startKeyword</method>
  <thread>1</thread>
  <message>Start action : dg = dglist.split(\&amp;quot;,\&amp;quot;)</message>
  <nestedLevel>1</nestedLevel>
  <property name="startLine">34</property>
  <property name="stepIndex">10</property>
</record>
<record>
  <date>2019-06-21T09:59:58</date>
  <millis>1561091398704</millis>
  <sequence>84</sequence>
  <level>END</level>
  <class>com.kms.katalon.core.logging.XmlKeywordLogger</class>
  <method>endKeyword</method>
  <thread>1</thread>
  <message>End action : dg = dglist.split(\&amp;quot;,\&amp;quot;)</message>
  <nestedLevel>1</nestedLevel>
</record>
<record>
  <date>2019-06-21T09:59:58</date>
  <millis>1561091398743</millis>
  <sequence>85</sequence>
  <level>START</level>
  <class>com.kms.katalon.core.logging.XmlKeywordLogger</class>
  <method>startKeyword</method>
  <thread>1</thread>
  <message>Start action : println(dg[3])</message>
  <nestedLevel>1</nestedLevel>
  <property name="startLine">36</property>
  <property name="stepIndex">11</property>
</record>
<record>
  <date>2019-06-21T09:59:58</date>
  <millis>1561091398745</millis>
  <sequence>86</sequence>
  <level>END</level>
  <class>com.kms.katalon.core.logging.XmlKeywordLogger</class>
  <method>endKeyword</method>
  <thread>1</thread>
  <message>End action : println(dg[3])</message>
  <nestedLevel>1</nestedLevel>
</record>
<record>
  <date>2019-06-21T09:59:58</date>
  <millis>1561091398745</millis>
  <sequence>87</sequence>
  <level>START</level>
  <class>com.kms.katalon.core.logging.XmlKeywordLogger</class>
  <method>startKeyword</method>
  <thread>1</thread>
  <message>Start action : if (Activity_ID.equalsIgnoreCase(ActivityID))</message>
  <nestedLevel>1</nestedLevel>
  <property name="startLine">38</property>
  <property name="stepIndex">12</property>
</record>
<record>
  <date>2019-06-21T09:59:58</date>
  <millis>1561091398748</millis>
  <sequence>88</sequence>
  <level>START</level>
  <class>com.kms.katalon.core.logging.XmlKeywordLogger</class>
  <method>startKeyword</method>
  <thread>1</thread>
  <message>Start action : verifyElementPropertyValue(response, \&amp;quot;[0].activityType\&amp;quot;, \&amp;quot;SORT\&amp;quot;)</message>
  <nestedLevel>2</nestedLevel>
  <property name="startLine">40</property>
  <property name="stepIndex">1</property>
</record>
<record>
  <date>2019-06-21T09:59:58</date>
  <millis>1561091398793</millis>
  <sequence>90</sequence>
  <level>PASSED</level>
  <class>com.kms.katalon.core.logging.XmlKeywordLogger</class>
  <method>logMessage</method>
  <thread>1</thread>
  <message>Verify element property value successfully</message>
  <nestedLevel>2</nestedLevel>
</record>
<record>
  <date>2019-06-21T09:59:58</date>
  <millis>1561091398797</millis>
  <sequence>91</sequence>
  <level>END</level>
  <class>com.kms.katalon.core.logging.XmlKeywordLogger</class>
  <method>endKeyword</method>
  <thread>1</thread>
  <message>End action : verifyElementPropertyValue(response, \&amp;quot;[0].activityType\&amp;quot;, \&amp;quot;SORT\&amp;quot;)</message>
  <nestedLevel>2</nestedLevel>
</record>
<record>
  <date>2019-06-21T09:59:58</date>
  <millis>1561091398798</millis>
  <sequence>92</sequence>
  <level>END</level>
  <class>com.kms.katalon.core.logging.XmlKeywordLogger</class>
  <method>endKeyword</method>
  <thread>1</thread>
  <message>End action : if (Activity_ID.equalsIgnoreCase(ActivityID))</message>
  <nestedLevel>1</nestedLevel>
</record>
<record>
  <date>2019-06-21T09:59:58</date>
  <millis>1561091398799</millis>
  <sequence>93</sequence>
  <level>PASSED</level>
  <class>com.kms.katalon.core.logging.XmlKeywordLogger</class>
  <method>logMessage</method>
  <thread>1</thread>
  <message>Test Cases/ROC_Activity_Sort_202/Activity_Controller_Verify_Response_202</message>
  <nestedLevel>2</nestedLevel>
</record>
<record>
  <date>2019-06-21T09:59:58</date>
  <millis>1561091398801</millis>
  <sequence>94</sequence>
  <level>END</level>
  <class>com.kms.katalon.core.logging.XmlKeywordLogger</class>
  <method>endTest</method>
  <thread>1</thread>
  <message>End Test Case : Test Cases/ROC_Activity_Sort_202/Activity_Controller_Verify_Response_202</message>
  <nestedLevel>1</nestedLevel>
</record>
<record>
  <date>2019-06-21T09:59:58</date>
  <millis>1561091398814</millis>
  <sequence>95</sequence>
  <level>PASSED</level>
  <class>com.kms.katalon.core.logging.XmlKeywordLogger</class>
  <method>logMessage</method>
  <thread>1</thread>
  <message>Call Test Case &amp;apos;Test Cases/ROC_Activity_Sort_202/Activity_Controller_Verify_Response_202&amp;apos; successfully</message>
  <nestedLevel>1</nestedLevel>
</record>
<record>
  <date>2019-06-21T09:59:58</date>
  <millis>1561091398815</millis>
  <sequence>96</sequence>
  <level>END</level>
  <class>com.kms.katalon.core.logging.XmlKeywordLogger</class>
  <method>endKeyword</method>
  <thread>1</thread>
  <message>End action : callTestCase(findTestCase(\&amp;quot;ROC_Activity_Sort_202/Activity_Controller_Verify_Response_202\&amp;quot;), [\&amp;quot;URLS\&amp;quot;:activity_url, \&amp;quot;Activity_Id\&amp;quot;:activity_id], CONTINUE_ON_FAILURE)</message>
  <nestedLevel>1</nestedLevel>
</record>
<record>
  <date>2019-06-21T09:59:58</date>
  <millis>1561091398815</millis>
  <sequence>97</sequence>
  <level>PASSED</level>
  <class>com.kms.katalon.core.logging.XmlKeywordLogger</class>
  <method>logMessage</method>
  <thread>1</thread>
  <message>Test Cases/ROC_Activity_Sort_202/Roc_hogan_connector_activity_Sort_202</message>
  <nestedLevel>1</nestedLevel>
</record>
<record>
  <date>2019-06-21T09:59:58</date>
  <millis>1561091398817</millis>
  <sequence>98</sequence>
  <level>END</level>
  <class>com.kms.katalon.core.logging.XmlKeywordLogger</class>
  <method>endTest</method>
  <thread>1</thread>
  <message>End Test Case : Test Cases/ROC_Activity_Sort_202/Roc_hogan_connector_activity_Sort_202</message>
  <nestedLevel>0</nestedLevel>
</record>
<record>
  <date>2019-06-21T09:59:58</date>
  <millis>1561091398936</millis>
  <sequence>99</sequence>
  <level>END</level>
  <class>com.kms.katalon.core.logging.XmlKeywordLogger</class>
  <method>endSuite</method>
  <thread>1</thread>
  <message>End Test Suite : Test Suites/ROC_Activity_Sort_202</message>
  <nestedLevel>0</nestedLevel>
</record>
</log>